# JRE version: OpenJDK Runtime Environment Temurin-17.0.13+11 (17.0.13+11) (build 17.0.13+11)
# Java VM: OpenJDK 64-Bit Server VM Temurin-17.0.13+11 (17.0.13+11, mixed mode, tiered, compressed oops, compressed class ptrs, parallel gc, windows-amd64)
GC Precious Log:
 CPUs: 8 total, 8 available
 Memory: 16299M
 Large Page Support: Disabled
 NUMA Support: Disabled
 Compressed Oops: Enabled (32-bit)
 Alignments: Space 512K, Generation 512K, Heap 2M
 Heap Min Capacity: 100M
 Heap Initial Capacity: 100M
 Heap Max Capacity: 1G
 Pre-touch: Disabled
 Parallel Workers: 8
Heap:
 PSYoungGen      total 9216K, used 9215K [0x00000000eab00000, 0x00000000eb580000, 0x0000000100000000)
  eden space 7680K, 99% used [0x00000000eab00000,0x00000000eb27fd70,0x00000000eb280000)
  from space 1536K, 100% used [0x00000000eb400000,0x00000000eb580000,0x00000000eb580000)
  to   space 1536K, 0% used [0x00000000eb280000,0x00000000eb280000,0x00000000eb400000)
 ParOldGen       total 241664K, used 241492K [0x00000000c0000000, 0x00000000cec00000, 0x00000000eab00000)
  object space 241664K, 99% used [0x00000000c0000000,0x00000000cebd5280,0x00000000cec00000)
 Metaspace       used 92554K, committed 94208K, reserved 1179648K
  class space    used 9099K, committed 9856K, reserved 1048576K
GC Heap History (20 events):
Event: 352.421 GC heap before
{Heap before GC invocations=2071 (full 51):
 PSYoungGen      total 5120K, used 4902K [0x00000000eab00000, 0x00000000eb400000, 0x0000000100000000)
  eden space 4096K, 100% used [0x00000000eab00000,0x00000000eaf00000,0x00000000eaf00000)
  from space 1024K, 78% used [0x00000000eb300000,0x00000000eb3c9a40,0x00000000eb400000)
  to   space 2048K, 0% used [0x00000000eb000000,0x00000000eb000000,0x00000000eb200000)
 ParOldGen       total 240640K, used 229248K [0x00000000c0000000, 0x00000000ceb00000, 0x00000000eab00000)
  object space 240640K, 95% used [0x00000000c0000000,0x00000000cdfe0328,0x00000000ceb00000)
 Metaspace       used 92542K, committed 94208K, reserved 1179648K
  class space    used 9098K, committed 9856K, reserved 1048576K
}
Event: 352.423 GC heap after
{Heap after GC invocations=2071 (full 51):
 PSYoungGen      total 6144K, used 373K [0x00000000eab00000, 0x00000000eb380000, 0x0000000100000000)
  eden space 4096K, 0% used [0x00000000eab00000,0x00000000eab00000,0x00000000eaf00000)
  from space 2048K, 18% used [0x00000000eb000000,0x00000000eb05d610,0x00000000eb200000)
  to   space 1024K, 0% used [0x00000000eb280000,0x00000000eb280000,0x00000000eb380000)
 ParOldGen       total 240640K, used 229903K [0x00000000c0000000, 0x00000000ceb00000, 0x00000000eab00000)
  object space 240640K, 95% used [0x00000000c0000000,0x00000000ce083c50,0x00000000ceb00000)
 Metaspace       used 92542K, committed 94208K, reserved 1179648K
  class space    used 9098K, committed 9856K, reserved 1048576K
}
Event: 352.436 GC heap before
{Heap before GC invocations=2072 (full 51):
 PSYoungGen      total 6144K, used 4469K [0x00000000eab00000, 0x00000000eb380000, 0x0000000100000000)
  eden space 4096K, 100% used [0x00000000eab00000,0x00000000eaf00000,0x00000000eaf00000)
  from space 2048K, 18% used [0x00000000eb000000,0x00000000eb05d610,0x00000000eb200000)
  to   space 1024K, 0% used [0x00000000eb280000,0x00000000eb280000,0x00000000eb380000)
 ParOldGen       total 240640K, used 229903K [0x00000000c0000000, 0x00000000ceb00000, 0x00000000eab00000)
  object space 240640K, 95% used [0x00000000c0000000,0x00000000ce083c50,0x00000000ceb00000)
 Metaspace       used 92543K, committed 94208K, reserved 1179648K
  class space    used 9098K, committed 9856K, reserved 1048576K
}
Event: 352.438 GC heap after
{Heap after GC invocations=2072 (full 51):
 PSYoungGen      total 4608K, used 352K [0x00000000eab00000, 0x00000000eb300000, 0x0000000100000000)
  eden space 4096K, 0% used [0x00000000eab00000,0x00000000eab00000,0x00000000eaf00000)
  from space 512K, 68% used [0x00000000eb280000,0x00000000eb2d8000,0x00000000eb300000)
  to   space 512K, 0% used [0x00000000eb200000,0x00000000eb200000,0x00000000eb280000)
 ParOldGen       total 240640K, used 230170K [0x00000000c0000000, 0x00000000ceb00000, 0x00000000eab00000)
  object space 240640K, 95% used [0x00000000c0000000,0x00000000ce0c68a8,0x00000000ceb00000)
 Metaspace       used 92543K, committed 94208K, reserved 1179648K
  class space    used 9098K, committed 9856K, reserved 1048576K
}
Event: 352.445 GC heap before
{Heap before GC invocations=2073 (full 51):
 PSYoungGen      total 4608K, used 4448K [0x00000000eab00000, 0x00000000eb300000, 0x0000000100000000)
  eden space 4096K, 100% used [0x00000000eab00000,0x00000000eaf00000,0x00000000eaf00000)
  from space 512K, 68% used [0x00000000eb280000,0x00000000eb2d8000,0x00000000eb300000)
  to   space 512K, 0% used [0x00000000eb200000,0x00000000eb200000,0x00000000eb280000)
 ParOldGen       total 240640K, used 230170K [0x00000000c0000000, 0x00000000ceb00000, 0x00000000eab00000)
  object space 240640K, 95% used [0x00000000c0000000,0x00000000ce0c68a8,0x00000000ceb00000)
 Metaspace       used 92543K, committed 94208K, reserved 1179648K
  class space    used 9098K, committed 9856K, reserved 1048576K
}
Event: 352.448 GC heap after
{Heap after GC invocations=2073 (full 51):
 PSYoungGen      total 4608K, used 512K [0x00000000eab00000, 0x00000000eb300000, 0x0000000100000000)
  eden space 4096K, 0% used [0x00000000eab00000,0x00000000eab00000,0x00000000eaf00000)
  from space 512K, 100% used [0x00000000eb200000,0x00000000eb280000,0x00000000eb280000)
  to   space 512K, 0% used [0x00000000eb280000,0x00000000eb280000,0x00000000eb300000)
 ParOldGen       total 240640K, used 230726K [0x00000000c0000000, 0x00000000ceb00000, 0x00000000eab00000)
  object space 240640K, 95% used [0x00000000c0000000,0x00000000ce1518e8,0x00000000ceb00000)
 Metaspace       used 92543K, committed 94208K, reserved 1179648K
  class space    used 9098K, committed 9856K, reserved 1048576K
}
Event: 352.453 GC heap before
{Heap before GC invocations=2074 (full 51):
 PSYoungGen      total 4608K, used 4608K [0x00000000eab00000, 0x00000000eb300000, 0x0000000100000000)
  eden space 4096K, 100% used [0x00000000eab00000,0x00000000eaf00000,0x00000000eaf00000)
  from space 512K, 100% used [0x00000000eb200000,0x00000000eb280000,0x00000000eb280000)
  to   space 512K, 0% used [0x00000000eb280000,0x00000000eb280000,0x00000000eb300000)
 ParOldGen       total 240640K, used 230726K [0x00000000c0000000, 0x00000000ceb00000, 0x00000000eab00000)
  object space 240640K, 95% used [0x00000000c0000000,0x00000000ce1518e8,0x00000000ceb00000)
 Metaspace       used 92543K, committed 94208K, reserved 1179648K
  class space    used 9098K, committed 9856K, reserved 1048576K
}
Event: 352.456 GC heap after
{Heap after GC invocations=2074 (full 51):
 PSYoungGen      total 5632K, used 512K [0x00000000eab00000, 0x00000000eb400000, 0x0000000100000000)
  eden space 5120K, 0% used [0x00000000eab00000,0x00000000eab00000,0x00000000eb000000)
  from space 512K, 100% used [0x00000000eb280000,0x00000000eb300000,0x00000000eb300000)
  to   space 2048K, 0% used [0x00000000eb000000,0x00000000eb000000,0x00000000eb200000)
 ParOldGen       total 240640K, used 231886K [0x00000000c0000000, 0x00000000ceb00000, 0x00000000eab00000)
  object space 240640K, 96% used [0x00000000c0000000,0x00000000ce273958,0x00000000ceb00000)
 Metaspace       used 92543K, committed 94208K, reserved 1179648K
  class space    used 9098K, committed 9856K, reserved 1048576K
}
Event: 352.464 GC heap before
{Heap before GC invocations=2075 (full 51):
 PSYoungGen      total 5632K, used 5632K [0x00000000eab00000, 0x00000000eb400000, 0x0000000100000000)
  eden space 5120K, 100% used [0x00000000eab00000,0x00000000eb000000,0x00000000eb000000)
  from space 512K, 100% used [0x00000000eb280000,0x00000000eb300000,0x00000000eb300000)
  to   space 2048K, 0% used [0x00000000eb000000,0x00000000eb000000,0x00000000eb200000)
 ParOldGen       total 240640K, used 231886K [0x00000000c0000000, 0x00000000ceb00000, 0x00000000eab00000)
  object space 240640K, 96% used [0x00000000c0000000,0x00000000ce273958,0x00000000ceb00000)
 Metaspace       used 92543K, committed 94208K, reserved 1179648K
  class space    used 9098K, committed 9856K, reserved 1048576K
}
Event: 352.466 GC heap after
{Heap after GC invocations=2075 (full 51):
 PSYoungGen      total 7168K, used 1440K [0x00000000eab00000, 0x00000000eb400000, 0x0000000100000000)
  eden space 5120K, 0% used [0x00000000eab00000,0x00000000eab00000,0x00000000eb000000)
  from space 2048K, 70% used [0x00000000eb000000,0x00000000eb168000,0x00000000eb200000)
  to   space 1536K, 0% used [0x00000000eb280000,0x00000000eb280000,0x00000000eb400000)
 ParOldGen       total 240640K, used 232430K [0x00000000c0000000, 0x00000000ceb00000, 0x00000000eab00000)
  object space 240640K, 96% used [0x00000000c0000000,0x00000000ce2fb958,0x00000000ceb00000)
 Metaspace       used 92543K, committed 94208K, reserved 1179648K
  class space    used 9098K, committed 9856K, reserved 1048576K
}
Event: 352.475 GC heap before
{Heap before GC invocations=2076 (full 51):
 PSYoungGen      total 7168K, used 6560K [0x00000000eab00000, 0x00000000eb400000, 0x0000000100000000)
  eden space 5120K, 100% used [0x00000000eab00000,0x00000000eb000000,0x00000000eb000000)
  from space 2048K, 70% used [0x00000000eb000000,0x00000000eb168000,0x00000000eb200000)
  to   space 1536K, 0% used [0x00000000eb280000,0x00000000eb280000,0x00000000eb400000)
 ParOldGen       total 240640K, used 232430K [0x00000000c0000000, 0x00000000ceb00000, 0x00000000eab00000)
  object space 240640K, 96% used [0x00000000c0000000,0x00000000ce2fb958,0x00000000ceb00000)
 Metaspace       used 92543K, committed 94208K, reserved 1179648K
  class space    used 9098K, committed 9856K, reserved 1048576K
}
Event: 352.478 GC heap after
{Heap after GC invocations=2076 (full 51):
 PSYoungGen      total 7680K, used 1389K [0x00000000eab00000, 0x00000000eb400000, 0x0000000100000000)
  eden space 6144K, 0% used [0x00000000eab00000,0x00000000eab00000,0x00000000eb100000)
  from space 1536K, 90% used [0x00000000eb280000,0x00000000eb3db6a8,0x00000000eb400000)
  to   space 1536K, 0% used [0x00000000eb100000,0x00000000eb100000,0x00000000eb280000)
 ParOldGen       total 240640K, used 233686K [0x00000000c0000000, 0x00000000ceb00000, 0x00000000eab00000)
  object space 240640K, 97% used [0x00000000c0000000,0x00000000ce435958,0x00000000ceb00000)
 Metaspace       used 92543K, committed 94208K, reserved 1179648K
  class space    used 9098K, committed 9856K, reserved 1048576K
}
Event: 352.491 GC heap before
{Heap before GC invocations=2077 (full 51):
 PSYoungGen      total 7680K, used 7533K [0x00000000eab00000, 0x00000000eb400000, 0x0000000100000000)
  eden space 6144K, 100% used [0x00000000eab00000,0x00000000eb100000,0x00000000eb100000)
  from space 1536K, 90% used [0x00000000eb280000,0x00000000eb3db6a8,0x00000000eb400000)
  to   space 1536K, 0% used [0x00000000eb100000,0x00000000eb100000,0x00000000eb280000)
 ParOldGen       total 240640K, used 233686K [0x00000000c0000000, 0x00000000ceb00000, 0x00000000eab00000)
  object space 240640K, 97% used [0x00000000c0000000,0x00000000ce435958,0x00000000ceb00000)
 Metaspace       used 92543K, committed 94208K, reserved 1179648K
  class space    used 9098K, committed 9856K, reserved 1048576K
}
Event: 352.494 GC heap after
{Heap after GC invocations=2077 (full 51):
 PSYoungGen      total 7680K, used 1434K [0x00000000eab00000, 0x00000000eb580000, 0x0000000100000000)
  eden space 6144K, 0% used [0x00000000eab00000,0x00000000eab00000,0x00000000eb100000)
  from space 1536K, 93% used [0x00000000eb100000,0x00000000eb266b40,0x00000000eb280000)
  to   space 1536K, 0% used [0x00000000eb400000,0x00000000eb400000,0x00000000eb580000)
 ParOldGen       total 240640K, used 234882K [0x00000000c0000000, 0x00000000ceb00000, 0x00000000eab00000)
  object space 240640K, 97% used [0x00000000c0000000,0x00000000ce560998,0x00000000ceb00000)
 Metaspace       used 92543K, committed 94208K, reserved 1179648K
  class space    used 9098K, committed 9856K, reserved 1048576K
}
Event: 352.504 GC heap before
{Heap before GC invocations=2078 (full 51):
 PSYoungGen      total 7680K, used 7578K [0x00000000eab00000, 0x00000000eb580000, 0x0000000100000000)
  eden space 6144K, 100% used [0x00000000eab00000,0x00000000eb100000,0x00000000eb100000)
  from space 1536K, 93% used [0x00000000eb100000,0x00000000eb266b40,0x00000000eb280000)
  to   space 1536K, 0% used [0x00000000eb400000,0x00000000eb400000,0x00000000eb580000)
 ParOldGen       total 240640K, used 234882K [0x00000000c0000000, 0x00000000ceb00000, 0x00000000eab00000)
  object space 240640K, 97% used [0x00000000c0000000,0x00000000ce560998,0x00000000ceb00000)
 Metaspace       used 92544K, committed 94208K, reserved 1179648K
  class space    used 9098K, committed 9856K, reserved 1048576K
}
Event: 352.508 GC heap after
{Heap after GC invocations=2078 (full 51):
 PSYoungGen      total 9216K, used 1297K [0x00000000eab00000, 0x00000000eb580000, 0x0000000100000000)
  eden space 7680K, 0% used [0x00000000eab00000,0x00000000eab00000,0x00000000eb280000)
  from space 1536K, 84% used [0x00000000eb400000,0x00000000eb544700,0x00000000eb580000)
  to   space 1536K, 0% used [0x00000000eb280000,0x00000000eb280000,0x00000000eb400000)
 ParOldGen       total 240640K, used 236152K [0x00000000c0000000, 0x00000000ceb00000, 0x00000000eab00000)
  object space 240640K, 98% used [0x00000000c0000000,0x00000000ce69e138,0x00000000ceb00000)
 Metaspace       used 92544K, committed 94208K, reserved 1179648K
  class space    used 9098K, committed 9856K, reserved 1048576K
}
Event: 352.523 GC heap before
{Heap before GC invocations=2079 (full 51):
 PSYoungGen      total 9216K, used 8977K [0x00000000eab00000, 0x00000000eb580000, 0x0000000100000000)
  eden space 7680K, 100% used [0x00000000eab00000,0x00000000eb280000,0x00000000eb280000)
  from space 1536K, 84% used [0x00000000eb400000,0x00000000eb544700,0x00000000eb580000)
  to   space 1536K, 0% used [0x00000000eb280000,0x00000000eb280000,0x00000000eb400000)
 ParOldGen       total 240640K, used 236152K [0x00000000c0000000, 0x00000000ceb00000, 0x00000000eab00000)
  object space 240640K, 98% used [0x00000000c0000000,0x00000000ce69e138,0x00000000ceb00000)
 Metaspace       used 92545K, committed 94208K, reserved 1179648K
  class space    used 9098K, committed 9856K, reserved 1048576K
}
Event: 352.527 GC heap after
{Heap after GC invocations=2079 (full 51):
 PSYoungGen      total 9216K, used 1504K [0x00000000eab00000, 0x00000000eb580000, 0x0000000100000000)
  eden space 7680K, 0% used [0x00000000eab00000,0x00000000eab00000,0x00000000eb280000)
  from space 1536K, 97% used [0x00000000eb280000,0x00000000eb3f8020,0x00000000eb400000)
  to   space 1536K, 0% used [0x00000000eb400000,0x00000000eb400000,0x00000000eb580000)
 ParOldGen       total 240640K, used 238226K [0x00000000c0000000, 0x00000000ceb00000, 0x00000000eab00000)
  object space 240640K, 98% used [0x00000000c0000000,0x00000000ce8a4890,0x00000000ceb00000)
 Metaspace       used 92545K, committed 94208K, reserved 1179648K
  class space    used 9098K, committed 9856K, reserved 1048576K
}
Event: 352.542 GC heap before
{Heap before GC invocations=2080 (full 51):
 PSYoungGen      total 9216K, used 9184K [0x00000000eab00000, 0x00000000eb580000, 0x0000000100000000)
  eden space 7680K, 100% used [0x00000000eab00000,0x00000000eb280000,0x00000000eb280000)
  from space 1536K, 97% used [0x00000000eb280000,0x00000000eb3f8020,0x00000000eb400000)
  to   space 1536K, 0% used [0x00000000eb400000,0x00000000eb400000,0x00000000eb580000)
 ParOldGen       total 240640K, used 238226K [0x00000000c0000000, 0x00000000ceb00000, 0x00000000eab00000)
  object space 240640K, 98% used [0x00000000c0000000,0x00000000ce8a4890,0x00000000ceb00000)
 Metaspace       used 92545K, committed 94208K, reserved 1179648K
  class space    used 9098K, committed 9856K, reserved 1048576K
}
Event: 352.550 GC heap after
{Heap after GC invocations=2080 (full 51):
 PSYoungGen      total 9216K, used 1536K [0x00000000eab00000, 0x00000000eb580000, 0x0000000100000000)
  eden space 7680K, 0% used [0x00000000eab00000,0x00000000eab00000,0x00000000eb280000)
  from space 1536K, 100% used [0x00000000eb400000,0x00000000eb580000,0x00000000eb580000)
  to   space 1536K, 0% used [0x00000000eb280000,0x00000000eb280000,0x00000000eb400000)
 ParOldGen       total 241664K, used 241492K [0x00000000c0000000, 0x00000000cec00000, 0x00000000eab00000)
  object space 241664K, 99% used [0x00000000c0000000,0x00000000cebd5280,0x00000000cec00000)
 Metaspace       used 92545K, committed 94208K, reserved 1179648K
  class space    used 9098K, committed 9856K, reserved 1048576K
}

