# JRE version: OpenJDK Runtime Environment Temurin-17.0.13+11 (17.0.13+11) (build 17.0.13+11)
# Java VM: OpenJDK 64-Bit Server VM Temurin-17.0.13+11 (17.0.13+11, mixed mode, tiered, compressed oops, compressed class ptrs, parallel gc, windows-amd64)
GC Precious Log:
 CPUs: 8 total, 8 available
 Memory: 16299M
 Large Page Support: Disabled
 NUMA Support: Disabled
 Compressed Oops: Enabled (32-bit)
 Alignments: Space 512K, Generation 512K, Heap 2M
 Heap Min Capacity: 100M
 Heap Initial Capacity: 100M
 Heap Max Capacity: 1G
 Pre-touch: Disabled
 Parallel Workers: 8
Heap:
 PSYoungGen      total 71680K, used 71622K [0x00000000eab00000, 0x00000000f0f80000, 0x0000000100000000)
  eden space 49152K, 100% used [0x00000000eab00000,0x00000000edb00000,0x00000000edb00000)
  from space 22528K, 99% used [0x00000000ef980000,0x00000000f0f71840,0x00000000f0f80000)
  to   space 26112K, 0% used [0x00000000edc80000,0x00000000edc80000,0x00000000ef600000)
 ParOldGen       total 323584K, used 302923K [0x00000000c0000000, 0x00000000d3c00000, 0x00000000eab00000)
  object space 323584K, 93% used [0x00000000c0000000,0x00000000d27d2f30,0x00000000d3c00000)
 Metaspace       used 72414K, committed 73664K, reserved 1179648K
  class space    used 7541K, committed 8128K, reserved 1048576K
GC Heap History (20 events):
Event: 18.219 GC heap before
{Heap before GC invocations=102 (full 9):
 PSYoungGen      total 38400K, used 38370K [0x00000000eab00000, 0x00000000ee280000, 0x0000000100000000)
  eden space 29184K, 100% used [0x00000000eab00000,0x00000000ec780000,0x00000000ec780000)
  from space 9216K, 99% used [0x00000000ec780000,0x00000000ed078a30,0x00000000ed080000)
  to   space 12800K, 0% used [0x00000000ed600000,0x00000000ed600000,0x00000000ee280000)
 ParOldGen       total 270848K, used 232489K [0x00000000c0000000, 0x00000000d0880000, 0x00000000eab00000)
  object space 270848K, 85% used [0x00000000c0000000,0x00000000ce30a4c0,0x00000000d0880000)
 Metaspace       used 66823K, committed 67968K, reserved 1114112K
  class space    used 6980K, committed 7552K, reserved 1048576K
}
Event: 18.237 GC heap after
{Heap after GC invocations=102 (full 9):
 PSYoungGen      total 40448K, used 8613K [0x00000000eab00000, 0x00000000ede80000, 0x0000000100000000)
  eden space 31744K, 0% used [0x00000000eab00000,0x00000000eab00000,0x00000000eca00000)
  from space 8704K, 98% used [0x00000000ed600000,0x00000000ede695d0,0x00000000ede80000)
  to   space 9728K, 0% used [0x00000000ecb80000,0x00000000ecb80000,0x00000000ed500000)
 ParOldGen       total 270848K, used 237406K [0x00000000c0000000, 0x00000000d0880000, 0x00000000eab00000)
  object space 270848K, 87% used [0x00000000c0000000,0x00000000ce7d7950,0x00000000d0880000)
 Metaspace       used 66823K, committed 67968K, reserved 1114112K
  class space    used 6980K, committed 7552K, reserved 1048576K
}
Event: 18.398 GC heap before
{Heap before GC invocations=103 (full 9):
 PSYoungGen      total 40448K, used 40357K [0x00000000eab00000, 0x00000000ede80000, 0x0000000100000000)
  eden space 31744K, 100% used [0x00000000eab00000,0x00000000eca00000,0x00000000eca00000)
  from space 8704K, 98% used [0x00000000ed600000,0x00000000ede695d0,0x00000000ede80000)
  to   space 9728K, 0% used [0x00000000ecb80000,0x00000000ecb80000,0x00000000ed500000)
 ParOldGen       total 270848K, used 237406K [0x00000000c0000000, 0x00000000d0880000, 0x00000000eab00000)
  object space 270848K, 87% used [0x00000000c0000000,0x00000000ce7d7950,0x00000000d0880000)
 Metaspace       used 66920K, committed 68096K, reserved 1114112K
  class space    used 6981K, committed 7552K, reserved 1048576K
}
Event: 18.410 GC heap after
{Heap after GC invocations=103 (full 9):
 PSYoungGen      total 43008K, used 9718K [0x00000000eab00000, 0x00000000ee880000, 0x0000000100000000)
  eden space 33280K, 0% used [0x00000000eab00000,0x00000000eab00000,0x00000000ecb80000)
  from space 9728K, 99% used [0x00000000ecb80000,0x00000000ed4fd910,0x00000000ed500000)
  to   space 14336K, 0% used [0x00000000eda80000,0x00000000eda80000,0x00000000ee880000)
 ParOldGen       total 270848K, used 240989K [0x00000000c0000000, 0x00000000d0880000, 0x00000000eab00000)
  object space 270848K, 88% used [0x00000000c0000000,0x00000000ceb57540,0x00000000d0880000)
 Metaspace       used 66920K, committed 68096K, reserved 1114112K
  class space    used 6981K, committed 7552K, reserved 1048576K
}
Event: 18.628 GC heap before
{Heap before GC invocations=104 (full 9):
 PSYoungGen      total 43008K, used 42998K [0x00000000eab00000, 0x00000000ee880000, 0x0000000100000000)
  eden space 33280K, 100% used [0x00000000eab00000,0x00000000ecb80000,0x00000000ecb80000)
  from space 9728K, 99% used [0x00000000ecb80000,0x00000000ed4fd910,0x00000000ed500000)
  to   space 14336K, 0% used [0x00000000eda80000,0x00000000eda80000,0x00000000ee880000)
 ParOldGen       total 270848K, used 240989K [0x00000000c0000000, 0x00000000d0880000, 0x00000000eab00000)
  object space 270848K, 88% used [0x00000000c0000000,0x00000000ceb57540,0x00000000d0880000)
 Metaspace       used 67057K, committed 68288K, reserved 1114112K
  class space    used 6983K, committed 7552K, reserved 1048576K
}
Event: 18.646 GC heap after
{Heap after GC invocations=104 (full 9):
 PSYoungGen      total 43520K, used 7622K [0x00000000eab00000, 0x00000000ee200000, 0x0000000100000000)
  eden space 35840K, 0% used [0x00000000eab00000,0x00000000eab00000,0x00000000ece00000)
  from space 7680K, 99% used [0x00000000eda80000,0x00000000ee1f1ae8,0x00000000ee200000)
  to   space 9728K, 0% used [0x00000000ecf00000,0x00000000ecf00000,0x00000000ed880000)
 ParOldGen       total 270848K, used 246740K [0x00000000c0000000, 0x00000000d0880000, 0x00000000eab00000)
  object space 270848K, 91% used [0x00000000c0000000,0x00000000cf0f51c8,0x00000000d0880000)
 Metaspace       used 67057K, committed 68288K, reserved 1114112K
  class space    used 6983K, committed 7552K, reserved 1048576K
}
Event: 19.033 GC heap before
{Heap before GC invocations=105 (full 9):
 PSYoungGen      total 43520K, used 43462K [0x00000000eab00000, 0x00000000ee200000, 0x0000000100000000)
  eden space 35840K, 100% used [0x00000000eab00000,0x00000000ece00000,0x00000000ece00000)
  from space 7680K, 99% used [0x00000000eda80000,0x00000000ee1f1ae8,0x00000000ee200000)
  to   space 9728K, 0% used [0x00000000ecf00000,0x00000000ecf00000,0x00000000ed880000)
 ParOldGen       total 270848K, used 246740K [0x00000000c0000000, 0x00000000d0880000, 0x00000000eab00000)
  object space 270848K, 91% used [0x00000000c0000000,0x00000000cf0f51c8,0x00000000d0880000)
 Metaspace       used 67181K, committed 68352K, reserved 1114112K
  class space    used 6991K, committed 7552K, reserved 1048576K
}
Event: 19.047 GC heap after
{Heap after GC invocations=105 (full 9):
 PSYoungGen      total 46592K, used 9712K [0x00000000eab00000, 0x00000000ef080000, 0x0000000100000000)
  eden space 36864K, 0% used [0x00000000eab00000,0x00000000eab00000,0x00000000ecf00000)
  from space 9728K, 99% used [0x00000000ecf00000,0x00000000ed87c190,0x00000000ed880000)
  to   space 16384K, 0% used [0x00000000ee080000,0x00000000ee080000,0x00000000ef080000)
 ParOldGen       total 270848K, used 251660K [0x00000000c0000000, 0x00000000d0880000, 0x00000000eab00000)
  object space 270848K, 92% used [0x00000000c0000000,0x00000000cf5c3358,0x00000000d0880000)
 Metaspace       used 67181K, committed 68352K, reserved 1114112K
  class space    used 6991K, committed 7552K, reserved 1048576K
}
Event: 19.175 GC heap before
{Heap before GC invocations=106 (full 9):
 PSYoungGen      total 46592K, used 46576K [0x00000000eab00000, 0x00000000ef080000, 0x0000000100000000)
  eden space 36864K, 100% used [0x00000000eab00000,0x00000000ecf00000,0x00000000ecf00000)
  from space 9728K, 99% used [0x00000000ecf00000,0x00000000ed87c190,0x00000000ed880000)
  to   space 16384K, 0% used [0x00000000ee080000,0x00000000ee080000,0x00000000ef080000)
 ParOldGen       total 270848K, used 251660K [0x00000000c0000000, 0x00000000d0880000, 0x00000000eab00000)
  object space 270848K, 92% used [0x00000000c0000000,0x00000000cf5c3358,0x00000000d0880000)
 Metaspace       used 67617K, committed 68800K, reserved 1114112K
  class space    used 7050K, committed 7616K, reserved 1048576K
}
Event: 19.185 GC heap after
{Heap after GC invocations=106 (full 9):
 PSYoungGen      total 53248K, used 13666K [0x00000000eab00000, 0x00000000eee00000, 0x0000000100000000)
  eden space 39424K, 0% used [0x00000000eab00000,0x00000000eab00000,0x00000000ed180000)
  from space 13824K, 98% used [0x00000000ee080000,0x00000000eedd89d0,0x00000000eee00000)
  to   space 14336K, 0% used [0x00000000ed200000,0x00000000ed200000,0x00000000ee000000)
 ParOldGen       total 270848K, used 255677K [0x00000000c0000000, 0x00000000d0880000, 0x00000000eab00000)
  object space 270848K, 94% used [0x00000000c0000000,0x00000000cf9af470,0x00000000d0880000)
 Metaspace       used 67617K, committed 68800K, reserved 1114112K
  class space    used 7050K, committed 7616K, reserved 1048576K
}
Event: 19.262 GC heap before
{Heap before GC invocations=107 (full 9):
 PSYoungGen      total 53248K, used 53090K [0x00000000eab00000, 0x00000000eee00000, 0x0000000100000000)
  eden space 39424K, 100% used [0x00000000eab00000,0x00000000ed180000,0x00000000ed180000)
  from space 13824K, 98% used [0x00000000ee080000,0x00000000eedd89d0,0x00000000eee00000)
  to   space 14336K, 0% used [0x00000000ed200000,0x00000000ed200000,0x00000000ee000000)
 ParOldGen       total 270848K, used 255677K [0x00000000c0000000, 0x00000000d0880000, 0x00000000eab00000)
  object space 270848K, 94% used [0x00000000c0000000,0x00000000cf9af470,0x00000000d0880000)
 Metaspace       used 67791K, committed 68992K, reserved 1114112K
  class space    used 7073K, committed 7616K, reserved 1048576K
}
Event: 19.276 GC heap after
{Heap after GC invocations=107 (full 9):
 PSYoungGen      total 54272K, used 14333K [0x00000000eab00000, 0x00000000f0900000, 0x0000000100000000)
  eden space 39936K, 0% used [0x00000000eab00000,0x00000000eab00000,0x00000000ed200000)
  from space 14336K, 99% used [0x00000000ed200000,0x00000000edfff730,0x00000000ee000000)
  to   space 26624K, 0% used [0x00000000eef00000,0x00000000eef00000,0x00000000f0900000)
 ParOldGen       total 270848K, used 265702K [0x00000000c0000000, 0x00000000d0880000, 0x00000000eab00000)
  object space 270848K, 98% used [0x00000000c0000000,0x00000000d0379a80,0x00000000d0880000)
 Metaspace       used 67791K, committed 68992K, reserved 1114112K
  class space    used 7073K, committed 7616K, reserved 1048576K
}
Event: 19.372 GC heap before
{Heap before GC invocations=108 (full 10):
 PSYoungGen      total 54272K, used 54269K [0x00000000eab00000, 0x00000000f0900000, 0x0000000100000000)
  eden space 39936K, 100% used [0x00000000eab00000,0x00000000ed200000,0x00000000ed200000)
  from space 14336K, 99% used [0x00000000ed200000,0x00000000edfff730,0x00000000ee000000)
  to   space 26624K, 0% used [0x00000000eef00000,0x00000000eef00000,0x00000000f0900000)
 ParOldGen       total 270848K, used 265702K [0x00000000c0000000, 0x00000000d0880000, 0x00000000eab00000)
  object space 270848K, 98% used [0x00000000c0000000,0x00000000d0379a80,0x00000000d0880000)
 Metaspace       used 67937K, committed 69120K, reserved 1114112K
  class space    used 7088K, committed 7616K, reserved 1048576K
}
Event: 19.730 GC heap after
{Heap after GC invocations=108 (full 10):
 PSYoungGen      total 54272K, used 13248K [0x00000000eab00000, 0x00000000f0900000, 0x0000000100000000)
  eden space 39936K, 0% used [0x00000000eab00000,0x00000000eab00000,0x00000000ed200000)
  from space 14336K, 92% used [0x00000000ed200000,0x00000000edef01e0,0x00000000ee000000)
  to   space 26624K, 0% used [0x00000000eef00000,0x00000000eef00000,0x00000000f0900000)
 ParOldGen       total 323584K, used 270710K [0x00000000c0000000, 0x00000000d3c00000, 0x00000000eab00000)
  object space 323584K, 83% used [0x00000000c0000000,0x00000000d085d8a0,0x00000000d3c00000)
 Metaspace       used 67928K, committed 69120K, reserved 1114112K
  class space    used 7086K, committed 7616K, reserved 1048576K
}
Event: 19.998 GC heap before
{Heap before GC invocations=109 (full 10):
 PSYoungGen      total 54272K, used 53167K [0x00000000eab00000, 0x00000000f0900000, 0x0000000100000000)
  eden space 39936K, 99% used [0x00000000eab00000,0x00000000ed1fbbd0,0x00000000ed200000)
  from space 14336K, 92% used [0x00000000ed200000,0x00000000edef01e0,0x00000000ee000000)
  to   space 26624K, 0% used [0x00000000eef00000,0x00000000eef00000,0x00000000f0900000)
 ParOldGen       total 323584K, used 270710K [0x00000000c0000000, 0x00000000d3c00000, 0x00000000eab00000)
  object space 323584K, 83% used [0x00000000c0000000,0x00000000d085d8a0,0x00000000d3c00000)
 Metaspace       used 68746K, committed 69952K, reserved 1114112K
  class space    used 7166K, committed 7744K, reserved 1048576K
}
Event: 20.033 GC heap after
{Heap after GC invocations=109 (full 10):
 PSYoungGen      total 61440K, used 18102K [0x00000000eab00000, 0x00000000f0100000, 0x0000000100000000)
  eden space 43008K, 0% used [0x00000000eab00000,0x00000000eab00000,0x00000000ed500000)
  from space 18432K, 98% used [0x00000000eef00000,0x00000000f00adbf0,0x00000000f0100000)
  to   space 20480K, 0% used [0x00000000ed900000,0x00000000ed900000,0x00000000eed00000)
 ParOldGen       total 323584K, used 278479K [0x00000000c0000000, 0x00000000d3c00000, 0x00000000eab00000)
  object space 323584K, 86% used [0x00000000c0000000,0x00000000d0ff3fa8,0x00000000d3c00000)
 Metaspace       used 68746K, committed 69952K, reserved 1114112K
  class space    used 7166K, committed 7744K, reserved 1048576K
}
Event: 20.841 GC heap before
{Heap before GC invocations=110 (full 10):
 PSYoungGen      total 61440K, used 61110K [0x00000000eab00000, 0x00000000f0100000, 0x0000000100000000)
  eden space 43008K, 99% used [0x00000000eab00000,0x00000000ed4fffb8,0x00000000ed500000)
  from space 18432K, 98% used [0x00000000eef00000,0x00000000f00adbf0,0x00000000f0100000)
  to   space 20480K, 0% used [0x00000000ed900000,0x00000000ed900000,0x00000000eed00000)
 ParOldGen       total 323584K, used 278479K [0x00000000c0000000, 0x00000000d3c00000, 0x00000000eab00000)
  object space 323584K, 86% used [0x00000000c0000000,0x00000000d0ff3fa8,0x00000000d3c00000)
 Metaspace       used 69935K, committed 71232K, reserved 1114112K
  class space    used 7305K, committed 7936K, reserved 1048576K
}
Event: 20.863 GC heap after
{Heap after GC invocations=110 (full 10):
 PSYoungGen      total 66560K, used 20479K [0x00000000eab00000, 0x00000000f1b00000, 0x0000000100000000)
  eden space 46080K, 0% used [0x00000000eab00000,0x00000000eab00000,0x00000000ed800000)
  from space 20480K, 99% used [0x00000000ed900000,0x00000000eecffcf8,0x00000000eed00000)
  to   space 34304K, 0% used [0x00000000ef980000,0x00000000ef980000,0x00000000f1b00000)
 ParOldGen       total 323584K, used 289791K [0x00000000c0000000, 0x00000000d3c00000, 0x00000000eab00000)
  object space 323584K, 89% used [0x00000000c0000000,0x00000000d1affd10,0x00000000d3c00000)
 Metaspace       used 69935K, committed 71232K, reserved 1114112K
  class space    used 7305K, committed 7936K, reserved 1048576K
}
Event: 21.647 GC heap before
{Heap before GC invocations=111 (full 10):
 PSYoungGen      total 66560K, used 66457K [0x00000000eab00000, 0x00000000f1b00000, 0x0000000100000000)
  eden space 46080K, 99% used [0x00000000eab00000,0x00000000ed7e68f0,0x00000000ed800000)
  from space 20480K, 99% used [0x00000000ed900000,0x00000000eecffcf8,0x00000000eed00000)
  to   space 34304K, 0% used [0x00000000ef980000,0x00000000ef980000,0x00000000f1b00000)
 ParOldGen       total 323584K, used 289791K [0x00000000c0000000, 0x00000000d3c00000, 0x00000000eab00000)
  object space 323584K, 89% used [0x00000000c0000000,0x00000000d1affd10,0x00000000d3c00000)
 Metaspace       used 71849K, committed 73152K, reserved 1114112K
  class space    used 7505K, committed 8128K, reserved 1048576K
}
Event: 21.686 GC heap after
{Heap after GC invocations=111 (full 10):
 PSYoungGen      total 71680K, used 22470K [0x00000000eab00000, 0x00000000f0f80000, 0x0000000100000000)
  eden space 49152K, 0% used [0x00000000eab00000,0x00000000eab00000,0x00000000edb00000)
  from space 22528K, 99% used [0x00000000ef980000,0x00000000f0f71840,0x00000000f0f80000)
  to   space 26112K, 0% used [0x00000000edc80000,0x00000000edc80000,0x00000000ef600000)
 ParOldGen       total 323584K, used 302923K [0x00000000c0000000, 0x00000000d3c00000, 0x00000000eab00000)
  object space 323584K, 93% used [0x00000000c0000000,0x00000000d27d2f30,0x00000000d3c00000)
 Metaspace       used 71849K, committed 73152K, reserved 1114112K
  class space    used 7505K, committed 8128K, reserved 1048576K
}

