# JRE version: OpenJDK Runtime Environment Temurin-17.0.13+11 (17.0.13+11) (build 17.0.13+11)
# Java VM: OpenJDK 64-Bit Server VM Temurin-17.0.13+11 (17.0.13+11, mixed mode, tiered, compressed oops, compressed class ptrs, parallel gc, windows-amd64)
GC Precious Log:
 CPUs: 8 total, 8 available
 Memory: 16299M
 Large Page Support: Disabled
 NUMA Support: Disabled
 Compressed Oops: Enabled (32-bit)
 Alignments: Space 512K, Generation 512K, Heap 2M
 Heap Min Capacity: 100M
 Heap Initial Capacity: 100M
 Heap Max Capacity: 1G
 Pre-touch: Disabled
 Parallel Workers: 8
Heap:
 PSYoungGen      total 9216K, used 4235K [0x00000000eab00000, 0x00000000eb680000, 0x0000000100000000)
  eden space 7680K, 35% used [0x00000000eab00000,0x00000000eada6920,0x00000000eb280000)
  from space 1536K, 99% used [0x00000000eb300000,0x00000000eb47c3e0,0x00000000eb480000)
  to   space 2048K, 0% used [0x00000000eb480000,0x00000000eb480000,0x00000000eb680000)
 ParOldGen       total 130560K, used 85197K [0x00000000c0000000, 0x00000000c7f80000, 0x00000000eab00000)
  object space 130560K, 65% used [0x00000000c0000000,0x00000000c5333598,0x00000000c7f80000)
 Metaspace       used 86217K, committed 87680K, reserved 1179648K
  class space    used 8563K, committed 9216K, reserved 1048576K
GC Heap History (20 events):
Event: 92.690 GC heap before
{Heap before GC invocations=890 (full 25):
 PSYoungGen      total 7680K, used 7680K [0x00000000eab00000, 0x00000000eb480000, 0x0000000100000000)
  eden space 6656K, 100% used [0x00000000eab00000,0x00000000eb180000,0x00000000eb180000)
  from space 1024K, 100% used [0x00000000eb300000,0x00000000eb400000,0x00000000eb400000)
  to   space 1536K, 0% used [0x00000000eb180000,0x00000000eb180000,0x00000000eb300000)
 ParOldGen       total 150016K, used 144744K [0x00000000c0000000, 0x00000000c9280000, 0x00000000eab00000)
  object space 150016K, 96% used [0x00000000c0000000,0x00000000c8d5a080,0x00000000c9280000)
 Metaspace       used 86094K, committed 87488K, reserved 1179648K
  class space    used 8552K, committed 9216K, reserved 1048576K
}
Event: 92.693 GC heap after
{Heap after GC invocations=890 (full 25):
 PSYoungGen      total 8192K, used 1508K [0x00000000eab00000, 0x00000000ebf80000, 0x0000000100000000)
  eden space 6656K, 0% used [0x00000000eab00000,0x00000000eab00000,0x00000000eb180000)
  from space 1536K, 98% used [0x00000000eb180000,0x00000000eb2f9308,0x00000000eb300000)
  to   space 6656K, 0% used [0x00000000eb900000,0x00000000eb900000,0x00000000ebf80000)
 ParOldGen       total 150016K, used 148840K [0x00000000c0000000, 0x00000000c9280000, 0x00000000eab00000)
  object space 150016K, 99% used [0x00000000c0000000,0x00000000c915a200,0x00000000c9280000)
 Metaspace       used 86094K, committed 87488K, reserved 1179648K
  class space    used 8552K, committed 9216K, reserved 1048576K
}
Event: 92.744 GC heap before
{Heap before GC invocations=891 (full 26):
 PSYoungGen      total 8192K, used 8164K [0x00000000eab00000, 0x00000000ebf80000, 0x0000000100000000)
  eden space 6656K, 100% used [0x00000000eab00000,0x00000000eb180000,0x00000000eb180000)
  from space 1536K, 98% used [0x00000000eb180000,0x00000000eb2f9308,0x00000000eb300000)
  to   space 6656K, 0% used [0x00000000eb900000,0x00000000eb900000,0x00000000ebf80000)
 ParOldGen       total 150016K, used 148840K [0x00000000c0000000, 0x00000000c9280000, 0x00000000eab00000)
  object space 150016K, 99% used [0x00000000c0000000,0x00000000c915a200,0x00000000c9280000)
 Metaspace       used 86114K, committed 87488K, reserved 1179648K
  class space    used 8557K, committed 9216K, reserved 1048576K
}
Event: 92.929 GC heap after
{Heap after GC invocations=891 (full 26):
 PSYoungGen      total 14336K, used 0K [0x00000000eab00000, 0x00000000ebf80000, 0x0000000100000000)
  eden space 7680K, 0% used [0x00000000eab00000,0x00000000eab00000,0x00000000eb280000)
  from space 6656K, 0% used [0x00000000eb900000,0x00000000eb900000,0x00000000ebf80000)
  to   space 6656K, 0% used [0x00000000eb280000,0x00000000eb280000,0x00000000eb900000)
 ParOldGen       total 130560K, used 83828K [0x00000000c0000000, 0x00000000c7f80000, 0x00000000eab00000)
  object space 130560K, 64% used [0x00000000c0000000,0x00000000c51dd3a8,0x00000000c7f80000)
 Metaspace       used 86114K, committed 87488K, reserved 1179648K
  class space    used 8557K, committed 9216K, reserved 1048576K
}
Event: 93.187 GC heap before
{Heap before GC invocations=892 (full 26):
 PSYoungGen      total 14336K, used 7680K [0x00000000eab00000, 0x00000000ebf80000, 0x0000000100000000)
  eden space 7680K, 100% used [0x00000000eab00000,0x00000000eb280000,0x00000000eb280000)
  from space 6656K, 0% used [0x00000000eb900000,0x00000000eb900000,0x00000000ebf80000)
  to   space 6656K, 0% used [0x00000000eb280000,0x00000000eb280000,0x00000000eb900000)
 ParOldGen       total 130560K, used 83828K [0x00000000c0000000, 0x00000000c7f80000, 0x00000000eab00000)
  object space 130560K, 64% used [0x00000000c0000000,0x00000000c51dd3a8,0x00000000c7f80000)
 Metaspace       used 86117K, committed 87488K, reserved 1179648K
  class space    used 8557K, committed 9216K, reserved 1048576K
}
Event: 93.191 GC heap after
{Heap after GC invocations=892 (full 26):
 PSYoungGen      total 9216K, used 1252K [0x00000000eab00000, 0x00000000eb980000, 0x0000000100000000)
  eden space 7680K, 0% used [0x00000000eab00000,0x00000000eab00000,0x00000000eb280000)
  from space 1536K, 81% used [0x00000000eb280000,0x00000000eb3b9230,0x00000000eb400000)
  to   space 3072K, 0% used [0x00000000eb680000,0x00000000eb680000,0x00000000eb980000)
 ParOldGen       total 130560K, used 83828K [0x00000000c0000000, 0x00000000c7f80000, 0x00000000eab00000)
  object space 130560K, 64% used [0x00000000c0000000,0x00000000c51dd3a8,0x00000000c7f80000)
 Metaspace       used 86117K, committed 87488K, reserved 1179648K
  class space    used 8557K, committed 9216K, reserved 1048576K
}
Event: 93.226 GC heap before
{Heap before GC invocations=893 (full 26):
 PSYoungGen      total 9216K, used 8932K [0x00000000eab00000, 0x00000000eb980000, 0x0000000100000000)
  eden space 7680K, 100% used [0x00000000eab00000,0x00000000eb280000,0x00000000eb280000)
  from space 1536K, 81% used [0x00000000eb280000,0x00000000eb3b9230,0x00000000eb400000)
  to   space 3072K, 0% used [0x00000000eb680000,0x00000000eb680000,0x00000000eb980000)
 ParOldGen       total 130560K, used 83828K [0x00000000c0000000, 0x00000000c7f80000, 0x00000000eab00000)
  object space 130560K, 64% used [0x00000000c0000000,0x00000000c51dd3a8,0x00000000c7f80000)
 Metaspace       used 86121K, committed 87488K, reserved 1179648K
  class space    used 8557K, committed 9216K, reserved 1048576K
}
Event: 93.228 GC heap after
{Heap after GC invocations=893 (full 26):
 PSYoungGen      total 9216K, used 1252K [0x00000000eab00000, 0x00000000eb800000, 0x0000000100000000)
  eden space 7680K, 0% used [0x00000000eab00000,0x00000000eab00000,0x00000000eb280000)
  from space 1536K, 81% used [0x00000000eb680000,0x00000000eb7b9210,0x00000000eb800000)
  to   space 1536K, 0% used [0x00000000eb280000,0x00000000eb280000,0x00000000eb400000)
 ParOldGen       total 130560K, used 83828K [0x00000000c0000000, 0x00000000c7f80000, 0x00000000eab00000)
  object space 130560K, 64% used [0x00000000c0000000,0x00000000c51dd3a8,0x00000000c7f80000)
 Metaspace       used 86121K, committed 87488K, reserved 1179648K
  class space    used 8557K, committed 9216K, reserved 1048576K
}
Event: 93.257 GC heap before
{Heap before GC invocations=894 (full 26):
 PSYoungGen      total 9216K, used 8932K [0x00000000eab00000, 0x00000000eb800000, 0x0000000100000000)
  eden space 7680K, 100% used [0x00000000eab00000,0x00000000eb280000,0x00000000eb280000)
  from space 1536K, 81% used [0x00000000eb680000,0x00000000eb7b9210,0x00000000eb800000)
  to   space 1536K, 0% used [0x00000000eb280000,0x00000000eb280000,0x00000000eb400000)
 ParOldGen       total 130560K, used 83828K [0x00000000c0000000, 0x00000000c7f80000, 0x00000000eab00000)
  object space 130560K, 64% used [0x00000000c0000000,0x00000000c51dd3a8,0x00000000c7f80000)
 Metaspace       used 86124K, committed 87488K, reserved 1179648K
  class space    used 8557K, committed 9216K, reserved 1048576K
}
Event: 93.259 GC heap after
{Heap after GC invocations=894 (full 26):
 PSYoungGen      total 9216K, used 1284K [0x00000000eab00000, 0x00000000eb700000, 0x0000000100000000)
  eden space 7680K, 0% used [0x00000000eab00000,0x00000000eab00000,0x00000000eb280000)
  from space 1536K, 83% used [0x00000000eb280000,0x00000000eb3c1210,0x00000000eb400000)
  to   space 1536K, 0% used [0x00000000eb580000,0x00000000eb580000,0x00000000eb700000)
 ParOldGen       total 130560K, used 83828K [0x00000000c0000000, 0x00000000c7f80000, 0x00000000eab00000)
  object space 130560K, 64% used [0x00000000c0000000,0x00000000c51dd3a8,0x00000000c7f80000)
 Metaspace       used 86124K, committed 87488K, reserved 1179648K
  class space    used 8557K, committed 9216K, reserved 1048576K
}
Event: 93.282 GC heap before
{Heap before GC invocations=895 (full 26):
 PSYoungGen      total 9216K, used 8964K [0x00000000eab00000, 0x00000000eb700000, 0x0000000100000000)
  eden space 7680K, 100% used [0x00000000eab00000,0x00000000eb280000,0x00000000eb280000)
  from space 1536K, 83% used [0x00000000eb280000,0x00000000eb3c1210,0x00000000eb400000)
  to   space 1536K, 0% used [0x00000000eb580000,0x00000000eb580000,0x00000000eb700000)
 ParOldGen       total 130560K, used 83828K [0x00000000c0000000, 0x00000000c7f80000, 0x00000000eab00000)
  object space 130560K, 64% used [0x00000000c0000000,0x00000000c51dd3a8,0x00000000c7f80000)
 Metaspace       used 86125K, committed 87488K, reserved 1179648K
  class space    used 8557K, committed 9216K, reserved 1048576K
}
Event: 93.285 GC heap after
{Heap after GC invocations=895 (full 26):
 PSYoungGen      total 9216K, used 1332K [0x00000000eab00000, 0x00000000eb700000, 0x0000000100000000)
  eden space 7680K, 0% used [0x00000000eab00000,0x00000000eab00000,0x00000000eb280000)
  from space 1536K, 86% used [0x00000000eb580000,0x00000000eb6cd220,0x00000000eb700000)
  to   space 1536K, 0% used [0x00000000eb280000,0x00000000eb280000,0x00000000eb400000)
 ParOldGen       total 130560K, used 83828K [0x00000000c0000000, 0x00000000c7f80000, 0x00000000eab00000)
  object space 130560K, 64% used [0x00000000c0000000,0x00000000c51dd3a8,0x00000000c7f80000)
 Metaspace       used 86125K, committed 87488K, reserved 1179648K
  class space    used 8557K, committed 9216K, reserved 1048576K
}
Event: 93.321 GC heap before
{Heap before GC invocations=896 (full 26):
 PSYoungGen      total 9216K, used 9012K [0x00000000eab00000, 0x00000000eb700000, 0x0000000100000000)
  eden space 7680K, 100% used [0x00000000eab00000,0x00000000eb280000,0x00000000eb280000)
  from space 1536K, 86% used [0x00000000eb580000,0x00000000eb6cd220,0x00000000eb700000)
  to   space 1536K, 0% used [0x00000000eb280000,0x00000000eb280000,0x00000000eb400000)
 ParOldGen       total 130560K, used 83828K [0x00000000c0000000, 0x00000000c7f80000, 0x00000000eab00000)
  object space 130560K, 64% used [0x00000000c0000000,0x00000000c51dd3a8,0x00000000c7f80000)
 Metaspace       used 86140K, committed 87616K, reserved 1179648K
  class space    used 8557K, committed 9216K, reserved 1048576K
}
Event: 93.323 GC heap after
{Heap after GC invocations=896 (full 26):
 PSYoungGen      total 9216K, used 932K [0x00000000eab00000, 0x00000000eb600000, 0x0000000100000000)
  eden space 7680K, 0% used [0x00000000eab00000,0x00000000eab00000,0x00000000eb280000)
  from space 1536K, 60% used [0x00000000eb280000,0x00000000eb369210,0x00000000eb400000)
  to   space 1536K, 0% used [0x00000000eb480000,0x00000000eb480000,0x00000000eb600000)
 ParOldGen       total 130560K, used 83828K [0x00000000c0000000, 0x00000000c7f80000, 0x00000000eab00000)
  object space 130560K, 64% used [0x00000000c0000000,0x00000000c51dd3a8,0x00000000c7f80000)
 Metaspace       used 86140K, committed 87616K, reserved 1179648K
  class space    used 8557K, committed 9216K, reserved 1048576K
}
Event: 98.233 GC heap before
{Heap before GC invocations=897 (full 26):
 PSYoungGen      total 9216K, used 8612K [0x00000000eab00000, 0x00000000eb600000, 0x0000000100000000)
  eden space 7680K, 100% used [0x00000000eab00000,0x00000000eb280000,0x00000000eb280000)
  from space 1536K, 60% used [0x00000000eb280000,0x00000000eb369210,0x00000000eb400000)
  to   space 1536K, 0% used [0x00000000eb480000,0x00000000eb480000,0x00000000eb600000)
 ParOldGen       total 130560K, used 83828K [0x00000000c0000000, 0x00000000c7f80000, 0x00000000eab00000)
  object space 130560K, 64% used [0x00000000c0000000,0x00000000c51dd3a8,0x00000000c7f80000)
 Metaspace       used 86141K, committed 87616K, reserved 1179648K
  class space    used 8557K, committed 9216K, reserved 1048576K
}
Event: 98.235 GC heap after
{Heap after GC invocations=897 (full 26):
 PSYoungGen      total 8704K, used 954K [0x00000000eab00000, 0x00000000eb580000, 0x0000000100000000)
  eden space 7680K, 0% used [0x00000000eab00000,0x00000000eab00000,0x00000000eb280000)
  from space 1024K, 93% used [0x00000000eb480000,0x00000000eb56e940,0x00000000eb580000)
  to   space 1024K, 0% used [0x00000000eb380000,0x00000000eb380000,0x00000000eb480000)
 ParOldGen       total 130560K, used 83828K [0x00000000c0000000, 0x00000000c7f80000, 0x00000000eab00000)
  object space 130560K, 64% used [0x00000000c0000000,0x00000000c51dd3a8,0x00000000c7f80000)
 Metaspace       used 86141K, committed 87616K, reserved 1179648K
  class space    used 8557K, committed 9216K, reserved 1048576K
}
Event: 98.265 GC heap before
{Heap before GC invocations=898 (full 26):
 PSYoungGen      total 8704K, used 8634K [0x00000000eab00000, 0x00000000eb580000, 0x0000000100000000)
  eden space 7680K, 100% used [0x00000000eab00000,0x00000000eb280000,0x00000000eb280000)
  from space 1024K, 93% used [0x00000000eb480000,0x00000000eb56e940,0x00000000eb580000)
  to   space 1024K, 0% used [0x00000000eb380000,0x00000000eb380000,0x00000000eb480000)
 ParOldGen       total 130560K, used 83828K [0x00000000c0000000, 0x00000000c7f80000, 0x00000000eab00000)
  object space 130560K, 64% used [0x00000000c0000000,0x00000000c51dd3a8,0x00000000c7f80000)
 Metaspace       used 86142K, committed 87616K, reserved 1179648K
  class space    used 8557K, committed 9216K, reserved 1048576K
}
Event: 98.267 GC heap after
{Heap after GC invocations=898 (full 26):
 PSYoungGen      total 8704K, used 1004K [0x00000000eab00000, 0x00000000eb680000, 0x0000000100000000)
  eden space 7680K, 0% used [0x00000000eab00000,0x00000000eab00000,0x00000000eb280000)
  from space 1024K, 98% used [0x00000000eb380000,0x00000000eb47b390,0x00000000eb480000)
  to   space 2048K, 0% used [0x00000000eb480000,0x00000000eb480000,0x00000000eb680000)
 ParOldGen       total 130560K, used 84583K [0x00000000c0000000, 0x00000000c7f80000, 0x00000000eab00000)
  object space 130560K, 64% used [0x00000000c0000000,0x00000000c5299d58,0x00000000c7f80000)
 Metaspace       used 86142K, committed 87616K, reserved 1179648K
  class space    used 8557K, committed 9216K, reserved 1048576K
}
Event: 98.445 GC heap before
{Heap before GC invocations=899 (full 26):
 PSYoungGen      total 8704K, used 8684K [0x00000000eab00000, 0x00000000eb680000, 0x0000000100000000)
  eden space 7680K, 100% used [0x00000000eab00000,0x00000000eb280000,0x00000000eb280000)
  from space 1024K, 98% used [0x00000000eb380000,0x00000000eb47b390,0x00000000eb480000)
  to   space 2048K, 0% used [0x00000000eb480000,0x00000000eb480000,0x00000000eb680000)
 ParOldGen       total 130560K, used 84583K [0x00000000c0000000, 0x00000000c7f80000, 0x00000000eab00000)
  object space 130560K, 64% used [0x00000000c0000000,0x00000000c5299d58,0x00000000c7f80000)
 Metaspace       used 86207K, committed 87680K, reserved 1179648K
  class space    used 8562K, committed 9216K, reserved 1048576K
}
Event: 98.448 GC heap after
{Heap after GC invocations=899 (full 26):
 PSYoungGen      total 9216K, used 1356K [0x00000000eab00000, 0x00000000eb600000, 0x0000000100000000)
  eden space 7680K, 0% used [0x00000000eab00000,0x00000000eab00000,0x00000000eb280000)
  from space 1536K, 88% used [0x00000000eb480000,0x00000000eb5d3210,0x00000000eb600000)
  to   space 1536K, 0% used [0x00000000eb300000,0x00000000eb300000,0x00000000eb480000)
 ParOldGen       total 130560K, used 84922K [0x00000000c0000000, 0x00000000c7f80000, 0x00000000eab00000)
  object space 130560K, 65% used [0x00000000c0000000,0x00000000c52eeac8,0x00000000c7f80000)
 Metaspace       used 86207K, committed 87680K, reserved 1179648K
  class space    used 8562K, committed 9216K, reserved 1048576K
}

