# JRE version: OpenJDK Runtime Environment Temurin-17.0.13+11 (17.0.13+11) (build 17.0.13+11)
# Java VM: OpenJDK 64-Bit Server VM Temurin-17.0.13+11 (17.0.13+11, mixed mode, tiered, compressed oops, compressed class ptrs, parallel gc, windows-amd64)
GC Precious Log:
 CPUs: 8 total, 8 available
 Memory: 16299M
 Large Page Support: Disabled
 NUMA Support: Disabled
 Compressed Oops: Enabled (32-bit)
 Alignments: Space 512K, Generation 512K, Heap 2M
 Heap Min Capacity: 100M
 Heap Initial Capacity: 100M
 Heap Max Capacity: 1G
 Pre-touch: Disabled
 Parallel Workers: 8
Heap:
 PSYoungGen      total 11776K, used 8734K [0x00000000eab00000, 0x00000000ebb00000, 0x0000000100000000)
  eden space 9216K, 68% used [0x00000000eab00000,0x00000000eb132948,0x00000000eb400000)
  from space 2560K, 93% used [0x00000000eb400000,0x00000000eb655220,0x00000000eb680000)
  to   space 3584K, 0% used [0x00000000eb780000,0x00000000eb780000,0x00000000ebb00000)
 ParOldGen       total 192512K, used 128616K [0x00000000c0000000, 0x00000000cbc00000, 0x00000000eab00000)
  object space 192512K, 66% used [0x00000000c0000000,0x00000000c7d9a0c8,0x00000000cbc00000)
 Metaspace       used 110004K, committed 111616K, reserved 1179648K
  class space    used 10874K, committed 11584K, reserved 1048576K
GC Heap History (20 events):
Event: 7410.194 GC heap before
{Heap before GC invocations=5235 (full 69):
 PSYoungGen      total 5120K, used 5120K [0x00000000eab00000, 0x00000000eb880000, 0x0000000100000000)
  eden space 3584K, 100% used [0x00000000eab00000,0x00000000eae80000,0x00000000eae80000)
  from space 1536K, 100% used [0x00000000eae80000,0x00000000eb000000,0x00000000eb000000)
  to   space 4608K, 0% used [0x00000000eb400000,0x00000000eb400000,0x00000000eb880000)
 ParOldGen       total 189440K, used 145514K [0x00000000c0000000, 0x00000000cb900000, 0x00000000eab00000)
  object space 189440K, 76% used [0x00000000c0000000,0x00000000c8e1ab28,0x00000000cb900000)
 Metaspace       used 109976K, committed 111552K, reserved 1179648K
  class space    used 10872K, committed 11584K, reserved 1048576K
}
Event: 7410.201 GC heap after
{Heap after GC invocations=5235 (full 69):
 PSYoungGen      total 7680K, used 2912K [0x00000000eab00000, 0x00000000eb700000, 0x0000000100000000)
  eden space 4608K, 0% used [0x00000000eab00000,0x00000000eab00000,0x00000000eaf80000)
  from space 3072K, 94% used [0x00000000eb400000,0x00000000eb6d8000,0x00000000eb700000)
  to   space 3584K, 0% used [0x00000000eb000000,0x00000000eb000000,0x00000000eb380000)
 ParOldGen       total 189440K, used 147098K [0x00000000c0000000, 0x00000000cb900000, 0x00000000eab00000)
  object space 189440K, 77% used [0x00000000c0000000,0x00000000c8fa6b28,0x00000000cb900000)
 Metaspace       used 109976K, committed 111552K, reserved 1179648K
  class space    used 10872K, committed 11584K, reserved 1048576K
}
Event: 7410.222 GC heap before
{Heap before GC invocations=5236 (full 69):
 PSYoungGen      total 7680K, used 7520K [0x00000000eab00000, 0x00000000eb700000, 0x0000000100000000)
  eden space 4608K, 100% used [0x00000000eab00000,0x00000000eaf80000,0x00000000eaf80000)
  from space 3072K, 94% used [0x00000000eb400000,0x00000000eb6d8000,0x00000000eb700000)
  to   space 3584K, 0% used [0x00000000eb000000,0x00000000eb000000,0x00000000eb380000)
 ParOldGen       total 189440K, used 147098K [0x00000000c0000000, 0x00000000cb900000, 0x00000000eab00000)
  object space 189440K, 77% used [0x00000000c0000000,0x00000000c8fa6b28,0x00000000cb900000)
 Metaspace       used 109976K, committed 111552K, reserved 1179648K
  class space    used 10872K, committed 11584K, reserved 1048576K
}
Event: 7410.228 GC heap after
{Heap after GC invocations=5236 (full 69):
 PSYoungGen      total 8704K, used 3552K [0x00000000eab00000, 0x00000000ebf80000, 0x0000000100000000)
  eden space 5120K, 0% used [0x00000000eab00000,0x00000000eab00000,0x00000000eb000000)
  from space 3584K, 99% used [0x00000000eb000000,0x00000000eb378020,0x00000000eb380000)
  to   space 7680K, 0% used [0x00000000eb800000,0x00000000eb800000,0x00000000ebf80000)
 ParOldGen       total 189440K, used 150362K [0x00000000c0000000, 0x00000000cb900000, 0x00000000eab00000)
  object space 189440K, 79% used [0x00000000c0000000,0x00000000c92d6b28,0x00000000cb900000)
 Metaspace       used 109976K, committed 111552K, reserved 1179648K
  class space    used 10872K, committed 11584K, reserved 1048576K
}
Event: 7410.247 GC heap before
{Heap before GC invocations=5237 (full 69):
 PSYoungGen      total 8704K, used 8589K [0x00000000eab00000, 0x00000000ebf80000, 0x0000000100000000)
  eden space 5120K, 98% used [0x00000000eab00000,0x00000000eafeb570,0x00000000eb000000)
  from space 3584K, 99% used [0x00000000eb000000,0x00000000eb378020,0x00000000eb380000)
  to   space 7680K, 0% used [0x00000000eb800000,0x00000000eb800000,0x00000000ebf80000)
 ParOldGen       total 189440K, used 150362K [0x00000000c0000000, 0x00000000cb900000, 0x00000000eab00000)
  object space 189440K, 79% used [0x00000000c0000000,0x00000000c92d6b28,0x00000000cb900000)
 Metaspace       used 109976K, committed 111552K, reserved 1179648K
  class space    used 10872K, committed 11584K, reserved 1048576K
}
Event: 7410.253 GC heap after
{Heap after GC invocations=5237 (full 69):
 PSYoungGen      total 9728K, used 3093K [0x00000000eab00000, 0x00000000ebb80000, 0x0000000100000000)
  eden space 6144K, 0% used [0x00000000eab00000,0x00000000eab00000,0x00000000eb100000)
  from space 3584K, 86% used [0x00000000eb800000,0x00000000ebb05438,0x00000000ebb80000)
  to   space 4608K, 0% used [0x00000000eb280000,0x00000000eb280000,0x00000000eb700000)
 ParOldGen       total 189440K, used 153890K [0x00000000c0000000, 0x00000000cb900000, 0x00000000eab00000)
  object space 189440K, 81% used [0x00000000c0000000,0x00000000c9648b88,0x00000000cb900000)
 Metaspace       used 109976K, committed 111552K, reserved 1179648K
  class space    used 10872K, committed 11584K, reserved 1048576K
}
Event: 7410.282 GC heap before
{Heap before GC invocations=5238 (full 69):
 PSYoungGen      total 9728K, used 8863K [0x00000000eab00000, 0x00000000ebb80000, 0x0000000100000000)
  eden space 6144K, 93% used [0x00000000eab00000,0x00000000eb0a2898,0x00000000eb100000)
  from space 3584K, 86% used [0x00000000eb800000,0x00000000ebb05438,0x00000000ebb80000)
  to   space 4608K, 0% used [0x00000000eb280000,0x00000000eb280000,0x00000000eb700000)
 ParOldGen       total 189440K, used 153890K [0x00000000c0000000, 0x00000000cb900000, 0x00000000eab00000)
  object space 189440K, 81% used [0x00000000c0000000,0x00000000c9648b88,0x00000000cb900000)
 Metaspace       used 109976K, committed 111552K, reserved 1179648K
  class space    used 10872K, committed 11584K, reserved 1048576K
}
Event: 7410.286 GC heap after
{Heap after GC invocations=5238 (full 69):
 PSYoungGen      total 12288K, used 4602K [0x00000000eab00000, 0x00000000ec480000, 0x0000000100000000)
  eden space 7680K, 0% used [0x00000000eab00000,0x00000000eab00000,0x00000000eb280000)
  from space 4608K, 99% used [0x00000000eb280000,0x00000000eb6fe940,0x00000000eb700000)
  to   space 9216K, 0% used [0x00000000ebb80000,0x00000000ebb80000,0x00000000ec480000)
 ParOldGen       total 189440K, used 157447K [0x00000000c0000000, 0x00000000cb900000, 0x00000000eab00000)
  object space 189440K, 83% used [0x00000000c0000000,0x00000000c99c1cc0,0x00000000cb900000)
 Metaspace       used 109976K, committed 111552K, reserved 1179648K
  class space    used 10872K, committed 11584K, reserved 1048576K
}
Event: 7410.333 GC heap before
{Heap before GC invocations=5239 (full 69):
 PSYoungGen      total 12288K, used 11703K [0x00000000eab00000, 0x00000000ec480000, 0x0000000100000000)
  eden space 7680K, 92% used [0x00000000eab00000,0x00000000eb1ef3a0,0x00000000eb280000)
  from space 4608K, 99% used [0x00000000eb280000,0x00000000eb6fe940,0x00000000eb700000)
  to   space 9216K, 0% used [0x00000000ebb80000,0x00000000ebb80000,0x00000000ec480000)
 ParOldGen       total 189440K, used 157447K [0x00000000c0000000, 0x00000000cb900000, 0x00000000eab00000)
  object space 189440K, 83% used [0x00000000c0000000,0x00000000c99c1cc0,0x00000000cb900000)
 Metaspace       used 109976K, committed 111552K, reserved 1179648K
  class space    used 10872K, committed 11584K, reserved 1048576K
}
Event: 7410.337 GC heap after
{Heap after GC invocations=5239 (full 69):
 PSYoungGen      total 13312K, used 3778K [0x00000000eab00000, 0x00000000ebf80000, 0x0000000100000000)
  eden space 9216K, 0% used [0x00000000eab00000,0x00000000eab00000,0x00000000eb400000)
  from space 4096K, 92% used [0x00000000ebb80000,0x00000000ebf30888,0x00000000ebf80000)
  to   space 5632K, 0% used [0x00000000eb480000,0x00000000eb480000,0x00000000eba00000)
 ParOldGen       total 189440K, used 161602K [0x00000000c0000000, 0x00000000cb900000, 0x00000000eab00000)
  object space 189440K, 85% used [0x00000000c0000000,0x00000000c9dd08d0,0x00000000cb900000)
 Metaspace       used 109976K, committed 111552K, reserved 1179648K
  class space    used 10872K, committed 11584K, reserved 1048576K
}
Event: 7410.418 GC heap before
{Heap before GC invocations=5240 (full 69):
 PSYoungGen      total 13312K, used 12994K [0x00000000eab00000, 0x00000000ebf80000, 0x0000000100000000)
  eden space 9216K, 100% used [0x00000000eab00000,0x00000000eb400000,0x00000000eb400000)
  from space 4096K, 92% used [0x00000000ebb80000,0x00000000ebf30888,0x00000000ebf80000)
  to   space 5632K, 0% used [0x00000000eb480000,0x00000000eb480000,0x00000000eba00000)
 ParOldGen       total 189440K, used 161602K [0x00000000c0000000, 0x00000000cb900000, 0x00000000eab00000)
  object space 189440K, 85% used [0x00000000c0000000,0x00000000c9dd08d0,0x00000000cb900000)
 Metaspace       used 109976K, committed 111552K, reserved 1179648K
  class space    used 10872K, committed 11584K, reserved 1048576K
}
Event: 7410.423 GC heap after
{Heap after GC invocations=5240 (full 69):
 PSYoungGen      total 12288K, used 2926K [0x00000000eab00000, 0x00000000ebc00000, 0x0000000100000000)
  eden space 9216K, 0% used [0x00000000eab00000,0x00000000eab00000,0x00000000eb400000)
  from space 3072K, 95% used [0x00000000eb480000,0x00000000eb75b800,0x00000000eb780000)
  to   space 3584K, 0% used [0x00000000eb880000,0x00000000eb880000,0x00000000ebc00000)
 ParOldGen       total 189440K, used 164310K [0x00000000c0000000, 0x00000000cb900000, 0x00000000eab00000)
  object space 189440K, 86% used [0x00000000c0000000,0x00000000ca075898,0x00000000cb900000)
 Metaspace       used 109976K, committed 111552K, reserved 1179648K
  class space    used 10872K, committed 11584K, reserved 1048576K
}
Event: 7410.530 GC heap before
{Heap before GC invocations=5241 (full 69):
 PSYoungGen      total 12288K, used 12142K [0x00000000eab00000, 0x00000000ebc00000, 0x0000000100000000)
  eden space 9216K, 100% used [0x00000000eab00000,0x00000000eb400000,0x00000000eb400000)
  from space 3072K, 95% used [0x00000000eb480000,0x00000000eb75b800,0x00000000eb780000)
  to   space 3584K, 0% used [0x00000000eb880000,0x00000000eb880000,0x00000000ebc00000)
 ParOldGen       total 189440K, used 164310K [0x00000000c0000000, 0x00000000cb900000, 0x00000000eab00000)
  object space 189440K, 86% used [0x00000000c0000000,0x00000000ca075898,0x00000000cb900000)
 Metaspace       used 109979K, committed 111552K, reserved 1179648K
  class space    used 10872K, committed 11584K, reserved 1048576K
}
Event: 7410.534 GC heap after
{Heap after GC invocations=5241 (full 69):
 PSYoungGen      total 10752K, used 1376K [0x00000000eab00000, 0x00000000eba00000, 0x0000000100000000)
  eden space 9216K, 0% used [0x00000000eab00000,0x00000000eab00000,0x00000000eb400000)
  from space 1536K, 89% used [0x00000000eb880000,0x00000000eb9d8000,0x00000000eba00000)
  to   space 2048K, 0% used [0x00000000eb600000,0x00000000eb600000,0x00000000eb800000)
 ParOldGen       total 189440K, used 166855K [0x00000000c0000000, 0x00000000cb900000, 0x00000000eab00000)
  object space 189440K, 88% used [0x00000000c0000000,0x00000000ca2f1ee8,0x00000000cb900000)
 Metaspace       used 109979K, committed 111552K, reserved 1179648K
  class space    used 10872K, committed 11584K, reserved 1048576K
}
Event: 7410.682 GC heap before
{Heap before GC invocations=5242 (full 69):
 PSYoungGen      total 10752K, used 10592K [0x00000000eab00000, 0x00000000eba00000, 0x0000000100000000)
  eden space 9216K, 100% used [0x00000000eab00000,0x00000000eb400000,0x00000000eb400000)
  from space 1536K, 89% used [0x00000000eb880000,0x00000000eb9d8000,0x00000000eba00000)
  to   space 2048K, 0% used [0x00000000eb600000,0x00000000eb600000,0x00000000eb800000)
 ParOldGen       total 201216K, used 197575K [0x00000000c0000000, 0x00000000cc480000, 0x00000000eab00000)
  object space 201216K, 98% used [0x00000000c0000000,0x00000000cc0f1f18,0x00000000cc480000)
 Metaspace       used 109983K, committed 111616K, reserved 1179648K
  class space    used 10872K, committed 11584K, reserved 1048576K
}
Event: 7410.690 GC heap after
{Heap after GC invocations=5242 (full 69):
 PSYoungGen      total 11264K, used 2019K [0x00000000eab00000, 0x00000000ebf00000, 0x0000000100000000)
  eden space 9216K, 0% used [0x00000000eab00000,0x00000000eab00000,0x00000000eb400000)
  from space 2048K, 98% used [0x00000000eb600000,0x00000000eb7f8cf0,0x00000000eb800000)
  to   space 5632K, 0% used [0x00000000eb980000,0x00000000eb980000,0x00000000ebf00000)
 ParOldGen       total 201216K, used 200374K [0x00000000c0000000, 0x00000000cc480000, 0x00000000eab00000)
  object space 201216K, 99% used [0x00000000c0000000,0x00000000cc3adb28,0x00000000cc480000)
 Metaspace       used 109983K, committed 111616K, reserved 1179648K
  class space    used 10872K, committed 11584K, reserved 1048576K
}
Event: 7410.822 GC heap before
{Heap before GC invocations=5243 (full 70):
 PSYoungGen      total 11264K, used 11235K [0x00000000eab00000, 0x00000000ebf00000, 0x0000000100000000)
  eden space 9216K, 100% used [0x00000000eab00000,0x00000000eb400000,0x00000000eb400000)
  from space 2048K, 98% used [0x00000000eb600000,0x00000000eb7f8cf0,0x00000000eb800000)
  to   space 5632K, 0% used [0x00000000eb980000,0x00000000eb980000,0x00000000ebf00000)
 ParOldGen       total 201216K, used 200374K [0x00000000c0000000, 0x00000000cc480000, 0x00000000eab00000)
  object space 201216K, 99% used [0x00000000c0000000,0x00000000cc3adb28,0x00000000cc480000)
 Metaspace       used 109996K, committed 111616K, reserved 1179648K
  class space    used 10874K, committed 11584K, reserved 1048576K
}
Event: 7411.042 GC heap after
{Heap after GC invocations=5243 (full 70):
 PSYoungGen      total 14848K, used 0K [0x00000000eab00000, 0x00000000ebf00000, 0x0000000100000000)
  eden space 9216K, 0% used [0x00000000eab00000,0x00000000eab00000,0x00000000eb400000)
  from space 5632K, 0% used [0x00000000eb980000,0x00000000eb980000,0x00000000ebf00000)
  to   space 5632K, 0% used [0x00000000eb400000,0x00000000eb400000,0x00000000eb980000)
 ParOldGen       total 192512K, used 128608K [0x00000000c0000000, 0x00000000cbc00000, 0x00000000eab00000)
  object space 192512K, 66% used [0x00000000c0000000,0x00000000c7d980c8,0x00000000cbc00000)
 Metaspace       used 109996K, committed 111616K, reserved 1179648K
  class space    used 10874K, committed 11584K, reserved 1048576K
}
Event: 7411.088 GC heap before
{Heap before GC invocations=5244 (full 70):
 PSYoungGen      total 14848K, used 9216K [0x00000000eab00000, 0x00000000ebf00000, 0x0000000100000000)
  eden space 9216K, 100% used [0x00000000eab00000,0x00000000eb400000,0x00000000eb400000)
  from space 5632K, 0% used [0x00000000eb980000,0x00000000eb980000,0x00000000ebf00000)
  to   space 5632K, 0% used [0x00000000eb400000,0x00000000eb400000,0x00000000eb980000)
 ParOldGen       total 192512K, used 128608K [0x00000000c0000000, 0x00000000cbc00000, 0x00000000eab00000)
  object space 192512K, 66% used [0x00000000c0000000,0x00000000c7d980c8,0x00000000cbc00000)
 Metaspace       used 110003K, committed 111616K, reserved 1179648K
  class space    used 10874K, committed 11584K, reserved 1048576K
}
Event: 7411.092 GC heap after
{Heap after GC invocations=5244 (full 70):
 PSYoungGen      total 11776K, used 2388K [0x00000000eab00000, 0x00000000ebb00000, 0x0000000100000000)
  eden space 9216K, 0% used [0x00000000eab00000,0x00000000eab00000,0x00000000eb400000)
  from space 2560K, 93% used [0x00000000eb400000,0x00000000eb655220,0x00000000eb680000)
  to   space 3584K, 0% used [0x00000000eb780000,0x00000000eb780000,0x00000000ebb00000)
 ParOldGen       total 192512K, used 128616K [0x00000000c0000000, 0x00000000cbc00000, 0x00000000eab00000)
  object space 192512K, 66% used [0x00000000c0000000,0x00000000c7d9a0c8,0x00000000cbc00000)
 Metaspace       used 110003K, committed 111616K, reserved 1179648K
  class space    used 10874K, committed 11584K, reserved 1048576K
}

