# JRE version: OpenJDK Runtime Environment Temurin-17.0.13+11 (17.0.13+11) (build 17.0.13+11)
# Java VM: OpenJDK 64-Bit Server VM Temurin-17.0.13+11 (17.0.13+11, mixed mode, tiered, compressed oops, compressed class ptrs, parallel gc, windows-amd64)
GC Precious Log:
 CPUs: 8 total, 8 available
 Memory: 16299M
 Large Page Support: Disabled
 NUMA Support: Disabled
 Compressed Oops: Enabled (32-bit)
 Alignments: Space 512K, Generation 512K, Heap 2M
 Heap Min Capacity: 100M
 Heap Initial Capacity: 100M
 Heap Max Capacity: 1G
 Pre-touch: Disabled
 Parallel Workers: 8
Heap:
 PSYoungGen      total 14848K, used 8546K [0x00000000eab00000, 0x00000000ec080000, 0x0000000100000000)
  eden space 12800K, 53% used [0x00000000eab00000,0x00000000eb1bb020,0x00000000eb780000)
  from space 2048K, 80% used [0x00000000eb780000,0x00000000eb91d808,0x00000000eb980000)
  to   space 4096K, 0% used [0x00000000ebc80000,0x00000000ebc80000,0x00000000ec080000)
 ParOldGen       total 229376K, used 180460K [0x00000000c0000000, 0x00000000ce000000, 0x00000000eab00000)
  object space 229376K, 78% used [0x00000000c0000000,0x00000000cb03b338,0x00000000ce000000)
 Metaspace       used 70597K, committed 71936K, reserved 1114112K
  class space    used 7283K, committed 7936K, reserved 1048576K
GC Heap History (20 events):
Event: 59.743 GC heap after
{Heap after GC invocations=259 (full 13):
 PSYoungGen      total 16896K, used 5751K [0x00000000eab00000, 0x00000000ec300000, 0x0000000100000000)
  eden space 10752K, 0% used [0x00000000eab00000,0x00000000eab00000,0x00000000eb580000)
  from space 6144K, 93% used [0x00000000eb580000,0x00000000ebb1dde8,0x00000000ebb80000)
  to   space 6144K, 0% used [0x00000000ebd00000,0x00000000ebd00000,0x00000000ec300000)
 ParOldGen       total 256000K, used 252718K [0x00000000c0000000, 0x00000000cfa00000, 0x00000000eab00000)
  object space 256000K, 98% used [0x00000000c0000000,0x00000000cf6cb988,0x00000000cfa00000)
 Metaspace       used 69097K, committed 70400K, reserved 1114112K
  class space    used 7128K, committed 7744K, reserved 1048576K
}
Event: 59.994 GC heap before
{Heap before GC invocations=260 (full 13):
 PSYoungGen      total 16896K, used 16503K [0x00000000eab00000, 0x00000000ec300000, 0x0000000100000000)
  eden space 10752K, 100% used [0x00000000eab00000,0x00000000eb580000,0x00000000eb580000)
  from space 6144K, 93% used [0x00000000eb580000,0x00000000ebb1dde8,0x00000000ebb80000)
  to   space 6144K, 0% used [0x00000000ebd00000,0x00000000ebd00000,0x00000000ec300000)
 ParOldGen       total 256000K, used 252718K [0x00000000c0000000, 0x00000000cfa00000, 0x00000000eab00000)
  object space 256000K, 98% used [0x00000000c0000000,0x00000000cf6cb988,0x00000000cfa00000)
 Metaspace       used 69113K, committed 70400K, reserved 1114112K
  class space    used 7128K, committed 7744K, reserved 1048576K
}
Event: 59.999 GC heap after
{Heap after GC invocations=260 (full 13):
 PSYoungGen      total 15872K, used 3829K [0x00000000eab00000, 0x00000000ec100000, 0x0000000100000000)
  eden space 11776K, 0% used [0x00000000eab00000,0x00000000eab00000,0x00000000eb680000)
  from space 4096K, 93% used [0x00000000ebd00000,0x00000000ec0bd4a8,0x00000000ec100000)
  to   space 4608K, 0% used [0x00000000eb800000,0x00000000eb800000,0x00000000ebc80000)
 ParOldGen       total 256000K, used 252726K [0x00000000c0000000, 0x00000000cfa00000, 0x00000000eab00000)
  object space 256000K, 98% used [0x00000000c0000000,0x00000000cf6cd988,0x00000000cfa00000)
 Metaspace       used 69113K, committed 70400K, reserved 1114112K
  class space    used 7128K, committed 7744K, reserved 1048576K
}
Event: 60.363 GC heap before
{Heap before GC invocations=261 (full 13):
 PSYoungGen      total 15872K, used 15605K [0x00000000eab00000, 0x00000000ec100000, 0x0000000100000000)
  eden space 11776K, 100% used [0x00000000eab00000,0x00000000eb680000,0x00000000eb680000)
  from space 4096K, 93% used [0x00000000ebd00000,0x00000000ec0bd4a8,0x00000000ec100000)
  to   space 4608K, 0% used [0x00000000eb800000,0x00000000eb800000,0x00000000ebc80000)
 ParOldGen       total 256000K, used 252726K [0x00000000c0000000, 0x00000000cfa00000, 0x00000000eab00000)
  object space 256000K, 98% used [0x00000000c0000000,0x00000000cf6cd988,0x00000000cfa00000)
 Metaspace       used 69366K, committed 70720K, reserved 1114112K
  class space    used 7156K, committed 7808K, reserved 1048576K
}
Event: 60.367 GC heap after
{Heap after GC invocations=261 (full 13):
 PSYoungGen      total 16384K, used 4557K [0x00000000eab00000, 0x00000000ec080000, 0x0000000100000000)
  eden space 11776K, 0% used [0x00000000eab00000,0x00000000eab00000,0x00000000eb680000)
  from space 4608K, 98% used [0x00000000eb800000,0x00000000ebc73408,0x00000000ebc80000)
  to   space 4096K, 0% used [0x00000000ebc80000,0x00000000ebc80000,0x00000000ec080000)
 ParOldGen       total 256000K, used 252734K [0x00000000c0000000, 0x00000000cfa00000, 0x00000000eab00000)
  object space 256000K, 98% used [0x00000000c0000000,0x00000000cf6cf988,0x00000000cfa00000)
 Metaspace       used 69366K, committed 70720K, reserved 1114112K
  class space    used 7156K, committed 7808K, reserved 1048576K
}
Event: 60.503 GC heap before
{Heap before GC invocations=262 (full 13):
 PSYoungGen      total 16384K, used 16333K [0x00000000eab00000, 0x00000000ec080000, 0x0000000100000000)
  eden space 11776K, 100% used [0x00000000eab00000,0x00000000eb680000,0x00000000eb680000)
  from space 4608K, 98% used [0x00000000eb800000,0x00000000ebc73408,0x00000000ebc80000)
  to   space 4096K, 0% used [0x00000000ebc80000,0x00000000ebc80000,0x00000000ec080000)
 ParOldGen       total 256000K, used 252734K [0x00000000c0000000, 0x00000000cfa00000, 0x00000000eab00000)
  object space 256000K, 98% used [0x00000000c0000000,0x00000000cf6cf988,0x00000000cfa00000)
 Metaspace       used 69378K, committed 70720K, reserved 1114112K
  class space    used 7156K, committed 7808K, reserved 1048576K
}
Event: 60.509 GC heap after
{Heap after GC invocations=262 (full 13):
 PSYoungGen      total 15872K, used 4085K [0x00000000eab00000, 0x00000000ec080000, 0x0000000100000000)
  eden space 11776K, 0% used [0x00000000eab00000,0x00000000eab00000,0x00000000eb680000)
  from space 4096K, 99% used [0x00000000ebc80000,0x00000000ec07d4a8,0x00000000ec080000)
  to   space 5120K, 0% used [0x00000000eb680000,0x00000000eb680000,0x00000000ebb80000)
 ParOldGen       total 256000K, used 253326K [0x00000000c0000000, 0x00000000cfa00000, 0x00000000eab00000)
  object space 256000K, 98% used [0x00000000c0000000,0x00000000cf763988,0x00000000cfa00000)
 Metaspace       used 69378K, committed 70720K, reserved 1114112K
  class space    used 7156K, committed 7808K, reserved 1048576K
}
Event: 60.609 GC heap before
{Heap before GC invocations=263 (full 13):
 PSYoungGen      total 15872K, used 15861K [0x00000000eab00000, 0x00000000ec080000, 0x0000000100000000)
  eden space 11776K, 100% used [0x00000000eab00000,0x00000000eb680000,0x00000000eb680000)
  from space 4096K, 99% used [0x00000000ebc80000,0x00000000ec07d4a8,0x00000000ec080000)
  to   space 5120K, 0% used [0x00000000eb680000,0x00000000eb680000,0x00000000ebb80000)
 ParOldGen       total 256000K, used 253326K [0x00000000c0000000, 0x00000000cfa00000, 0x00000000eab00000)
  object space 256000K, 98% used [0x00000000c0000000,0x00000000cf763988,0x00000000cfa00000)
 Metaspace       used 69407K, committed 70720K, reserved 1114112K
  class space    used 7160K, committed 7808K, reserved 1048576K
}
Event: 60.621 GC heap after
{Heap after GC invocations=263 (full 13):
 PSYoungGen      total 16896K, used 5102K [0x00000000eab00000, 0x00000000ec380000, 0x0000000100000000)
  eden space 11776K, 0% used [0x00000000eab00000,0x00000000eab00000,0x00000000eb680000)
  from space 5120K, 99% used [0x00000000eb680000,0x00000000ebb7b8b0,0x00000000ebb80000)
  to   space 6144K, 0% used [0x00000000ebd80000,0x00000000ebd80000,0x00000000ec380000)
 ParOldGen       total 256000K, used 253927K [0x00000000c0000000, 0x00000000cfa00000, 0x00000000eab00000)
  object space 256000K, 99% used [0x00000000c0000000,0x00000000cf7f9cc8,0x00000000cfa00000)
 Metaspace       used 69407K, committed 70720K, reserved 1114112K
  class space    used 7160K, committed 7808K, reserved 1048576K
}
Event: 60.768 GC heap before
{Heap before GC invocations=264 (full 13):
 PSYoungGen      total 16896K, used 16878K [0x00000000eab00000, 0x00000000ec380000, 0x0000000100000000)
  eden space 11776K, 100% used [0x00000000eab00000,0x00000000eb680000,0x00000000eb680000)
  from space 5120K, 99% used [0x00000000eb680000,0x00000000ebb7b8b0,0x00000000ebb80000)
  to   space 6144K, 0% used [0x00000000ebd80000,0x00000000ebd80000,0x00000000ec380000)
 ParOldGen       total 256000K, used 253927K [0x00000000c0000000, 0x00000000cfa00000, 0x00000000eab00000)
  object space 256000K, 99% used [0x00000000c0000000,0x00000000cf7f9cc8,0x00000000cfa00000)
 Metaspace       used 69468K, committed 70784K, reserved 1114112K
  class space    used 7166K, committed 7808K, reserved 1048576K
}
Event: 60.778 GC heap after
{Heap after GC invocations=264 (full 13):
 PSYoungGen      total 18944K, used 5972K [0x00000000eab00000, 0x00000000ec380000, 0x0000000100000000)
  eden space 12800K, 0% used [0x00000000eab00000,0x00000000eab00000,0x00000000eb780000)
  from space 6144K, 97% used [0x00000000ebd80000,0x00000000ec355158,0x00000000ec380000)
  to   space 6144K, 0% used [0x00000000eb780000,0x00000000eb780000,0x00000000ebd80000)
 ParOldGen       total 256000K, used 254511K [0x00000000c0000000, 0x00000000cfa00000, 0x00000000eab00000)
  object space 256000K, 99% used [0x00000000c0000000,0x00000000cf88bcc8,0x00000000cfa00000)
 Metaspace       used 69468K, committed 70784K, reserved 1114112K
  class space    used 7166K, committed 7808K, reserved 1048576K
}
Event: 60.931 GC heap before
{Heap before GC invocations=265 (full 13):
 PSYoungGen      total 18944K, used 18768K [0x00000000eab00000, 0x00000000ec380000, 0x0000000100000000)
  eden space 12800K, 99% used [0x00000000eab00000,0x00000000eb77f110,0x00000000eb780000)
  from space 6144K, 97% used [0x00000000ebd80000,0x00000000ec355158,0x00000000ec380000)
  to   space 6144K, 0% used [0x00000000eb780000,0x00000000eb780000,0x00000000ebd80000)
 ParOldGen       total 256000K, used 254511K [0x00000000c0000000, 0x00000000cfa00000, 0x00000000eab00000)
  object space 256000K, 99% used [0x00000000c0000000,0x00000000cf88bcc8,0x00000000cfa00000)
 Metaspace       used 69839K, committed 71296K, reserved 1114112K
  class space    used 7204K, committed 7872K, reserved 1048576K
}
Event: 60.938 GC heap after
{Heap after GC invocations=265 (full 13):
 PSYoungGen      total 18944K, used 6113K [0x00000000eab00000, 0x00000000ec580000, 0x0000000100000000)
  eden space 12800K, 0% used [0x00000000eab00000,0x00000000eab00000,0x00000000eb780000)
  from space 6144K, 99% used [0x00000000eb780000,0x00000000ebd78438,0x00000000ebd80000)
  to   space 7168K, 0% used [0x00000000ebe80000,0x00000000ebe80000,0x00000000ec580000)
 ParOldGen       total 256000K, used 255214K [0x00000000c0000000, 0x00000000cfa00000, 0x00000000eab00000)
  object space 256000K, 99% used [0x00000000c0000000,0x00000000cf93ba78,0x00000000cfa00000)
 Metaspace       used 69839K, committed 71296K, reserved 1114112K
  class space    used 7204K, committed 7872K, reserved 1048576K
}
Event: 61.038 GC heap before
{Heap before GC invocations=266 (full 13):
 PSYoungGen      total 18944K, used 18913K [0x00000000eab00000, 0x00000000ec580000, 0x0000000100000000)
  eden space 12800K, 100% used [0x00000000eab00000,0x00000000eb780000,0x00000000eb780000)
  from space 6144K, 99% used [0x00000000eb780000,0x00000000ebd78438,0x00000000ebd80000)
  to   space 7168K, 0% used [0x00000000ebe80000,0x00000000ebe80000,0x00000000ec580000)
 ParOldGen       total 256000K, used 255214K [0x00000000c0000000, 0x00000000cfa00000, 0x00000000eab00000)
  object space 256000K, 99% used [0x00000000c0000000,0x00000000cf93ba78,0x00000000cfa00000)
 Metaspace       used 69995K, committed 71424K, reserved 1114112K
  class space    used 7219K, committed 7872K, reserved 1048576K
}
Event: 61.045 GC heap after
{Heap after GC invocations=266 (full 13):
 PSYoungGen      total 19968K, used 6993K [0x00000000eab00000, 0x00000000ec580000, 0x0000000100000000)
  eden space 12800K, 0% used [0x00000000eab00000,0x00000000eab00000,0x00000000eb780000)
  from space 7168K, 97% used [0x00000000ebe80000,0x00000000ec554428,0x00000000ec580000)
  to   space 7168K, 0% used [0x00000000eb780000,0x00000000eb780000,0x00000000ebe80000)
 ParOldGen       total 256000K, used 255510K [0x00000000c0000000, 0x00000000cfa00000, 0x00000000eab00000)
  object space 256000K, 99% used [0x00000000c0000000,0x00000000cf985a78,0x00000000cfa00000)
 Metaspace       used 69995K, committed 71424K, reserved 1114112K
  class space    used 7219K, committed 7872K, reserved 1048576K
}
Event: 61.146 GC heap before
{Heap before GC invocations=267 (full 13):
 PSYoungGen      total 19968K, used 19770K [0x00000000eab00000, 0x00000000ec580000, 0x0000000100000000)
  eden space 12800K, 99% used [0x00000000eab00000,0x00000000eb77a5f0,0x00000000eb780000)
  from space 7168K, 97% used [0x00000000ebe80000,0x00000000ec554428,0x00000000ec580000)
  to   space 7168K, 0% used [0x00000000eb780000,0x00000000eb780000,0x00000000ebe80000)
 ParOldGen       total 256000K, used 255510K [0x00000000c0000000, 0x00000000cfa00000, 0x00000000eab00000)
  object space 256000K, 99% used [0x00000000c0000000,0x00000000cf985a78,0x00000000cfa00000)
 Metaspace       used 70065K, committed 71424K, reserved 1114112K
  class space    used 7232K, committed 7872K, reserved 1048576K
}
Event: 61.151 GC heap after
{Heap after GC invocations=267 (full 13):
 PSYoungGen      total 19968K, used 7164K [0x00000000eab00000, 0x00000000ec880000, 0x0000000100000000)
  eden space 12800K, 0% used [0x00000000eab00000,0x00000000eab00000,0x00000000eb780000)
  from space 7168K, 99% used [0x00000000eb780000,0x00000000ebe7f028,0x00000000ebe80000)
  to   space 8704K, 0% used [0x00000000ec000000,0x00000000ec000000,0x00000000ec880000)
 ParOldGen       total 257024K, used 256631K [0x00000000c0000000, 0x00000000cfb00000, 0x00000000eab00000)
  object space 257024K, 99% used [0x00000000c0000000,0x00000000cfa9de88,0x00000000cfb00000)
 Metaspace       used 70065K, committed 71424K, reserved 1114112K
  class space    used 7232K, committed 7872K, reserved 1048576K
}
Event: 61.491 GC heap before
{Heap before GC invocations=268 (full 14):
 PSYoungGen      total 19968K, used 19964K [0x00000000eab00000, 0x00000000ec880000, 0x0000000100000000)
  eden space 12800K, 100% used [0x00000000eab00000,0x00000000eb780000,0x00000000eb780000)
  from space 7168K, 99% used [0x00000000eb780000,0x00000000ebe7f028,0x00000000ebe80000)
  to   space 8704K, 0% used [0x00000000ec000000,0x00000000ec000000,0x00000000ec880000)
 ParOldGen       total 257024K, used 256631K [0x00000000c0000000, 0x00000000cfb00000, 0x00000000eab00000)
  object space 257024K, 99% used [0x00000000c0000000,0x00000000cfa9de88,0x00000000cfb00000)
 Metaspace       used 70562K, committed 71936K, reserved 1114112K
  class space    used 7277K, committed 7936K, reserved 1048576K
}
Event: 61.612 GC heap after
{Heap after GC invocations=268 (full 14):
 PSYoungGen      total 21504K, used 0K [0x00000000eab00000, 0x00000000ec880000, 0x0000000100000000)
  eden space 12800K, 0% used [0x00000000eab00000,0x00000000eab00000,0x00000000eb780000)
  from space 8704K, 0% used [0x00000000ec000000,0x00000000ec000000,0x00000000ec880000)
  to   space 8704K, 0% used [0x00000000eb780000,0x00000000eb780000,0x00000000ec000000)
 ParOldGen       total 229376K, used 180460K [0x00000000c0000000, 0x00000000ce000000, 0x00000000eab00000)
  object space 229376K, 78% used [0x00000000c0000000,0x00000000cb03b338,0x00000000ce000000)
 Metaspace       used 70562K, committed 71936K, reserved 1114112K
  class space    used 7277K, committed 7936K, reserved 1048576K
}
Event: 61.765 GC heap before
{Heap before GC invocations=269 (full 14):
 PSYoungGen      total 21504K, used 12800K [0x00000000eab00000, 0x00000000ec880000, 0x0000000100000000)
  eden space 12800K, 100% used [0x00000000eab00000,0x00000000eb780000,0x00000000eb780000)
  from space 8704K, 0% used [0x00000000ec000000,0x00000000ec000000,0x00000000ec880000)
  to   space 8704K, 0% used [0x00000000eb780000,0x00000000eb780000,0x00000000ec000000)
 ParOldGen       total 229376K, used 180460K [0x00000000c0000000, 0x00000000ce000000, 0x00000000eab00000)
  object space 229376K, 78% used [0x00000000c0000000,0x00000000cb03b338,0x00000000ce000000)
 Metaspace       used 70569K, committed 71936K, reserved 1114112K
  class space    used 7277K, committed 7936K, reserved 1048576K
}

