# JRE version: OpenJDK Runtime Environment Temurin-17.0.13+11 (17.0.13+11) (build 17.0.13+11)
# Java VM: OpenJDK 64-Bit Server VM Temurin-17.0.13+11 (17.0.13+11, mixed mode, tiered, compressed oops, compressed class ptrs, parallel gc, windows-amd64)
GC Precious Log:
 CPUs: 8 total, 8 available
 Memory: 16299M
 Large Page Support: Disabled
 NUMA Support: Disabled
 Compressed Oops: Enabled (32-bit)
 Alignments: Space 512K, Generation 512K, Heap 2M
 Heap Min Capacity: 100M
 Heap Initial Capacity: 100M
 Heap Max Capacity: 1G
 Pre-touch: Disabled
 Parallel Workers: 8
Heap:
 PSYoungGen      total 17920K, used 6054K [0x00000000eab00000, 0x00000000ec000000, 0x0000000100000000)
  eden space 14848K, 40% used [0x00000000eab00000,0x00000000eb0e9ae8,0x00000000eb980000)
  from space 3072K, 0% used [0x00000000eb980000,0x00000000eb980000,0x00000000ebc80000)
  to   space 3072K, 0% used [0x00000000ebc80000,0x00000000ebc80000,0x00000000ebf80000)
 ParOldGen       total 68608K, used 68606K [0x00000000c0000000, 0x00000000c4300000, 0x00000000eab00000)
  object space 68608K, 99% used [0x00000000c0000000,0x00000000c42ff9b8,0x00000000c4300000)
 Metaspace       used 64830K, committed 65984K, reserved 1114112K
  class space    used 7020K, committed 7552K, reserved 1048576K
GC Heap History (20 events):
Event: 40.405 GC heap before
{Heap before GC invocations=34 (full 3):
 PSYoungGen      total 18432K, used 18400K [0x00000000eab00000, 0x00000000eca80000, 0x0000000100000000)
  eden space 15360K, 100% used [0x00000000eab00000,0x00000000eba00000,0x00000000eba00000)
  from space 3072K, 98% used [0x00000000ec080000,0x00000000ec3780e8,0x00000000ec380000)
  to   space 6656K, 0% used [0x00000000eba00000,0x00000000eba00000,0x00000000ec080000)
 ParOldGen       total 68608K, used 49332K [0x00000000c0000000, 0x00000000c4300000, 0x00000000eab00000)
  object space 68608K, 71% used [0x00000000c0000000,0x00000000c302d2e8,0x00000000c4300000)
 Metaspace       used 60599K, committed 61760K, reserved 1114112K
  class space    used 6567K, committed 7104K, reserved 1048576K
}
Event: 40.411 GC heap after
{Heap after GC invocations=34 (full 3):
 PSYoungGen      total 18944K, used 3299K [0x00000000eab00000, 0x00000000ec300000, 0x0000000100000000)
  eden space 15360K, 0% used [0x00000000eab00000,0x00000000eab00000,0x00000000eba00000)
  from space 3584K, 92% used [0x00000000eba00000,0x00000000ebd38eb8,0x00000000ebd80000)
  to   space 4608K, 0% used [0x00000000ebe80000,0x00000000ebe80000,0x00000000ec300000)
 ParOldGen       total 68608K, used 52238K [0x00000000c0000000, 0x00000000c4300000, 0x00000000eab00000)
  object space 68608K, 76% used [0x00000000c0000000,0x00000000c3303968,0x00000000c4300000)
 Metaspace       used 60599K, committed 61760K, reserved 1114112K
  class space    used 6567K, committed 7104K, reserved 1048576K
}
Event: 40.785 GC heap before
{Heap before GC invocations=35 (full 3):
 PSYoungGen      total 18944K, used 18659K [0x00000000eab00000, 0x00000000ec300000, 0x0000000100000000)
  eden space 15360K, 100% used [0x00000000eab00000,0x00000000eba00000,0x00000000eba00000)
  from space 3584K, 92% used [0x00000000eba00000,0x00000000ebd38eb8,0x00000000ebd80000)
  to   space 4608K, 0% used [0x00000000ebe80000,0x00000000ebe80000,0x00000000ec300000)
 ParOldGen       total 68608K, used 52238K [0x00000000c0000000, 0x00000000c4300000, 0x00000000eab00000)
  object space 68608K, 76% used [0x00000000c0000000,0x00000000c3303968,0x00000000c4300000)
 Metaspace       used 61589K, committed 62720K, reserved 1114112K
  class space    used 6691K, committed 7232K, reserved 1048576K
}
Event: 40.793 GC heap after
{Heap after GC invocations=35 (full 3):
 PSYoungGen      total 17408K, used 1870K [0x00000000eab00000, 0x00000000ec080000, 0x0000000100000000)
  eden space 15360K, 0% used [0x00000000eab00000,0x00000000eab00000,0x00000000eba00000)
  from space 2048K, 91% used [0x00000000ebe80000,0x00000000ec053990,0x00000000ec080000)
  to   space 2560K, 0% used [0x00000000ebb80000,0x00000000ebb80000,0x00000000ebe00000)
 ParOldGen       total 68608K, used 55300K [0x00000000c0000000, 0x00000000c4300000, 0x00000000eab00000)
  object space 68608K, 80% used [0x00000000c0000000,0x00000000c3601290,0x00000000c4300000)
 Metaspace       used 61589K, committed 62720K, reserved 1114112K
  class space    used 6691K, committed 7232K, reserved 1048576K
}
Event: 41.096 GC heap before
{Heap before GC invocations=36 (full 3):
 PSYoungGen      total 17408K, used 17224K [0x00000000eab00000, 0x00000000ec080000, 0x0000000100000000)
  eden space 15360K, 99% used [0x00000000eab00000,0x00000000eb9fe698,0x00000000eba00000)
  from space 2048K, 91% used [0x00000000ebe80000,0x00000000ec053990,0x00000000ec080000)
  to   space 2560K, 0% used [0x00000000ebb80000,0x00000000ebb80000,0x00000000ebe00000)
 ParOldGen       total 68608K, used 55300K [0x00000000c0000000, 0x00000000c4300000, 0x00000000eab00000)
  object space 68608K, 80% used [0x00000000c0000000,0x00000000c3601290,0x00000000c4300000)
 Metaspace       used 62483K, committed 63552K, reserved 1114112K
  class space    used 6806K, committed 7296K, reserved 1048576K
}
Event: 41.100 GC heap after
{Heap after GC invocations=36 (full 3):
 PSYoungGen      total 17920K, used 2217K [0x00000000eab00000, 0x00000000ebf00000, 0x0000000100000000)
  eden space 15360K, 0% used [0x00000000eab00000,0x00000000eab00000,0x00000000eba00000)
  from space 2560K, 86% used [0x00000000ebb80000,0x00000000ebdaa7d0,0x00000000ebe00000)
  to   space 1024K, 0% used [0x00000000ebe00000,0x00000000ebe00000,0x00000000ebf00000)
 ParOldGen       total 68608K, used 56962K [0x00000000c0000000, 0x00000000c4300000, 0x00000000eab00000)
  object space 68608K, 83% used [0x00000000c0000000,0x00000000c37a0b20,0x00000000c4300000)
 Metaspace       used 62483K, committed 63552K, reserved 1114112K
  class space    used 6806K, committed 7296K, reserved 1048576K
}
Event: 41.575 GC heap before
{Heap before GC invocations=37 (full 3):
 PSYoungGen      total 17920K, used 17577K [0x00000000eab00000, 0x00000000ebf00000, 0x0000000100000000)
  eden space 15360K, 100% used [0x00000000eab00000,0x00000000eba00000,0x00000000eba00000)
  from space 2560K, 86% used [0x00000000ebb80000,0x00000000ebdaa7d0,0x00000000ebe00000)
  to   space 1024K, 0% used [0x00000000ebe00000,0x00000000ebe00000,0x00000000ebf00000)
 ParOldGen       total 68608K, used 56962K [0x00000000c0000000, 0x00000000c4300000, 0x00000000eab00000)
  object space 68608K, 83% used [0x00000000c0000000,0x00000000c37a0b20,0x00000000c4300000)
 Metaspace       used 63118K, committed 64256K, reserved 1114112K
  class space    used 6851K, committed 7360K, reserved 1048576K
}
Event: 41.580 GC heap after
{Heap after GC invocations=37 (full 3):
 PSYoungGen      total 15872K, used 1010K [0x00000000eab00000, 0x00000000ec300000, 0x0000000100000000)
  eden space 14848K, 0% used [0x00000000eab00000,0x00000000eab00000,0x00000000eb980000)
  from space 1024K, 98% used [0x00000000ebe00000,0x00000000ebefc9c8,0x00000000ebf00000)
  to   space 4608K, 0% used [0x00000000eb980000,0x00000000eb980000,0x00000000ebe00000)
 ParOldGen       total 68608K, used 60079K [0x00000000c0000000, 0x00000000c4300000, 0x00000000eab00000)
  object space 68608K, 87% used [0x00000000c0000000,0x00000000c3aabe30,0x00000000c4300000)
 Metaspace       used 63118K, committed 64256K, reserved 1114112K
  class space    used 6851K, committed 7360K, reserved 1048576K
}
Event: 42.086 GC heap before
{Heap before GC invocations=38 (full 3):
 PSYoungGen      total 15872K, used 15828K [0x00000000eab00000, 0x00000000ec300000, 0x0000000100000000)
  eden space 14848K, 99% used [0x00000000eab00000,0x00000000eb9789d0,0x00000000eb980000)
  from space 1024K, 98% used [0x00000000ebe00000,0x00000000ebefc9c8,0x00000000ebf00000)
  to   space 4608K, 0% used [0x00000000eb980000,0x00000000eb980000,0x00000000ebe00000)
 ParOldGen       total 68608K, used 60079K [0x00000000c0000000, 0x00000000c4300000, 0x00000000eab00000)
  object space 68608K, 87% used [0x00000000c0000000,0x00000000c3aabe30,0x00000000c4300000)
 Metaspace       used 63305K, committed 64512K, reserved 1114112K
  class space    used 6893K, committed 7424K, reserved 1048576K
}
Event: 42.089 GC heap after
{Heap after GC invocations=38 (full 3):
 PSYoungGen      total 16896K, used 1809K [0x00000000eab00000, 0x00000000ebf80000, 0x0000000100000000)
  eden space 14848K, 0% used [0x00000000eab00000,0x00000000eab00000,0x00000000eb980000)
  from space 2048K, 88% used [0x00000000eb980000,0x00000000ebb44640,0x00000000ebb80000)
  to   space 3072K, 0% used [0x00000000ebc80000,0x00000000ebc80000,0x00000000ebf80000)
 ParOldGen       total 68608K, used 61112K [0x00000000c0000000, 0x00000000c4300000, 0x00000000eab00000)
  object space 68608K, 89% used [0x00000000c0000000,0x00000000c3bae2c8,0x00000000c4300000)
 Metaspace       used 63305K, committed 64512K, reserved 1114112K
  class space    used 6893K, committed 7424K, reserved 1048576K
}
Event: 42.335 GC heap before
{Heap before GC invocations=39 (full 3):
 PSYoungGen      total 16896K, used 16657K [0x00000000eab00000, 0x00000000ebf80000, 0x0000000100000000)
  eden space 14848K, 100% used [0x00000000eab00000,0x00000000eb980000,0x00000000eb980000)
  from space 2048K, 88% used [0x00000000eb980000,0x00000000ebb44640,0x00000000ebb80000)
  to   space 3072K, 0% used [0x00000000ebc80000,0x00000000ebc80000,0x00000000ebf80000)
 ParOldGen       total 68608K, used 61112K [0x00000000c0000000, 0x00000000c4300000, 0x00000000eab00000)
  object space 68608K, 89% used [0x00000000c0000000,0x00000000c3bae2c8,0x00000000c4300000)
 Metaspace       used 63601K, committed 64768K, reserved 1114112K
  class space    used 6912K, committed 7424K, reserved 1048576K
}
Event: 42.338 GC heap after
{Heap after GC invocations=39 (full 3):
 PSYoungGen      total 17920K, used 2781K [0x00000000eab00000, 0x00000000ebf80000, 0x0000000100000000)
  eden space 14848K, 0% used [0x00000000eab00000,0x00000000eab00000,0x00000000eb980000)
  from space 3072K, 90% used [0x00000000ebc80000,0x00000000ebf375b8,0x00000000ebf80000)
  to   space 3072K, 0% used [0x00000000eb980000,0x00000000eb980000,0x00000000ebc80000)
 ParOldGen       total 68608K, used 62804K [0x00000000c0000000, 0x00000000c4300000, 0x00000000eab00000)
  object space 68608K, 91% used [0x00000000c0000000,0x00000000c3d55398,0x00000000c4300000)
 Metaspace       used 63601K, committed 64768K, reserved 1114112K
  class space    used 6912K, committed 7424K, reserved 1048576K
}
Event: 42.695 GC heap before
{Heap before GC invocations=40 (full 3):
 PSYoungGen      total 17920K, used 17629K [0x00000000eab00000, 0x00000000ebf80000, 0x0000000100000000)
  eden space 14848K, 100% used [0x00000000eab00000,0x00000000eb980000,0x00000000eb980000)
  from space 3072K, 90% used [0x00000000ebc80000,0x00000000ebf375b8,0x00000000ebf80000)
  to   space 3072K, 0% used [0x00000000eb980000,0x00000000eb980000,0x00000000ebc80000)
 ParOldGen       total 68608K, used 62804K [0x00000000c0000000, 0x00000000c4300000, 0x00000000eab00000)
  object space 68608K, 91% used [0x00000000c0000000,0x00000000c3d55398,0x00000000c4300000)
 Metaspace       used 63877K, committed 65024K, reserved 1114112K
  class space    used 6943K, committed 7424K, reserved 1048576K
}
Event: 42.698 GC heap after
{Heap after GC invocations=40 (full 3):
 PSYoungGen      total 17920K, used 2830K [0x00000000eab00000, 0x00000000ebf80000, 0x0000000100000000)
  eden space 14848K, 0% used [0x00000000eab00000,0x00000000eab00000,0x00000000eb980000)
  from space 3072K, 92% used [0x00000000eb980000,0x00000000ebc43928,0x00000000ebc80000)
  to   space 3072K, 0% used [0x00000000ebc80000,0x00000000ebc80000,0x00000000ebf80000)
 ParOldGen       total 68608K, used 65330K [0x00000000c0000000, 0x00000000c4300000, 0x00000000eab00000)
  object space 68608K, 95% used [0x00000000c0000000,0x00000000c3fcc828,0x00000000c4300000)
 Metaspace       used 63877K, committed 65024K, reserved 1114112K
  class space    used 6943K, committed 7424K, reserved 1048576K
}
Event: 42.886 GC heap before
{Heap before GC invocations=41 (full 3):
 PSYoungGen      total 17920K, used 17678K [0x00000000eab00000, 0x00000000ebf80000, 0x0000000100000000)
  eden space 14848K, 100% used [0x00000000eab00000,0x00000000eb980000,0x00000000eb980000)
  from space 3072K, 92% used [0x00000000eb980000,0x00000000ebc43928,0x00000000ebc80000)
  to   space 3072K, 0% used [0x00000000ebc80000,0x00000000ebc80000,0x00000000ebf80000)
 ParOldGen       total 68608K, used 65330K [0x00000000c0000000, 0x00000000c4300000, 0x00000000eab00000)
  object space 68608K, 95% used [0x00000000c0000000,0x00000000c3fcc828,0x00000000c4300000)
 Metaspace       used 64133K, committed 65280K, reserved 1114112K
  class space    used 6972K, committed 7488K, reserved 1048576K
}
Event: 42.890 GC heap after
{Heap after GC invocations=41 (full 3):
 PSYoungGen      total 17920K, used 2456K [0x00000000eab00000, 0x00000000ebf80000, 0x0000000100000000)
  eden space 14848K, 0% used [0x00000000eab00000,0x00000000eab00000,0x00000000eb980000)
  from space 3072K, 79% used [0x00000000ebc80000,0x00000000ebee6108,0x00000000ebf80000)
  to   space 3072K, 0% used [0x00000000eb980000,0x00000000eb980000,0x00000000ebc80000)
 ParOldGen       total 68608K, used 67905K [0x00000000c0000000, 0x00000000c4300000, 0x00000000eab00000)
  object space 68608K, 98% used [0x00000000c0000000,0x00000000c4250710,0x00000000c4300000)
 Metaspace       used 64133K, committed 65280K, reserved 1114112K
  class space    used 6972K, committed 7488K, reserved 1048576K
}
Event: 43.026 GC heap before
{Heap before GC invocations=42 (full 4):
 PSYoungGen      total 17920K, used 17304K [0x00000000eab00000, 0x00000000ebf80000, 0x0000000100000000)
  eden space 14848K, 100% used [0x00000000eab00000,0x00000000eb980000,0x00000000eb980000)
  from space 3072K, 79% used [0x00000000ebc80000,0x00000000ebee6108,0x00000000ebf80000)
  to   space 3072K, 0% used [0x00000000eb980000,0x00000000eb980000,0x00000000ebc80000)
 ParOldGen       total 68608K, used 67905K [0x00000000c0000000, 0x00000000c4300000, 0x00000000eab00000)
  object space 68608K, 98% used [0x00000000c0000000,0x00000000c4250710,0x00000000c4300000)
 Metaspace       used 64541K, committed 65728K, reserved 1114112K
  class space    used 7004K, committed 7552K, reserved 1048576K
}
Event: 43.152 GC heap after
{Heap after GC invocations=42 (full 4):
 PSYoungGen      total 17920K, used 0K [0x00000000eab00000, 0x00000000ebf80000, 0x0000000100000000)
  eden space 14848K, 0% used [0x00000000eab00000,0x00000000eab00000,0x00000000eb980000)
  from space 3072K, 0% used [0x00000000eb980000,0x00000000eb980000,0x00000000ebc80000)
  to   space 3072K, 0% used [0x00000000ebc80000,0x00000000ebc80000,0x00000000ebf80000)
 ParOldGen       total 68608K, used 67169K [0x00000000c0000000, 0x00000000c4300000, 0x00000000eab00000)
  object space 68608K, 97% used [0x00000000c0000000,0x00000000c41987e0,0x00000000c4300000)
 Metaspace       used 64541K, committed 65728K, reserved 1114112K
  class space    used 7004K, committed 7552K, reserved 1048576K
}
Event: 43.346 GC heap before
{Heap before GC invocations=43 (full 5):
 PSYoungGen      total 17920K, used 14848K [0x00000000eab00000, 0x00000000ebf80000, 0x0000000100000000)
  eden space 14848K, 100% used [0x00000000eab00000,0x00000000eb980000,0x00000000eb980000)
  from space 3072K, 0% used [0x00000000eb980000,0x00000000eb980000,0x00000000ebc80000)
  to   space 3072K, 0% used [0x00000000ebc80000,0x00000000ebc80000,0x00000000ebf80000)
 ParOldGen       total 68608K, used 67169K [0x00000000c0000000, 0x00000000c4300000, 0x00000000eab00000)
  object space 68608K, 97% used [0x00000000c0000000,0x00000000c41987e0,0x00000000c4300000)
 Metaspace       used 64809K, committed 65984K, reserved 1114112K
  class space    used 7020K, committed 7552K, reserved 1048576K
}
Event: 43.499 GC heap after
{Heap after GC invocations=43 (full 5):
 PSYoungGen      total 17920K, used 804K [0x00000000eab00000, 0x00000000ec000000, 0x0000000100000000)
  eden space 14848K, 5% used [0x00000000eab00000,0x00000000eabc9350,0x00000000eb980000)
  from space 3072K, 0% used [0x00000000ebc80000,0x00000000ebc80000,0x00000000ebf80000)
  to   space 3072K, 0% used [0x00000000eb980000,0x00000000eb980000,0x00000000ebc80000)
 ParOldGen       total 68608K, used 68560K [0x00000000c0000000, 0x00000000c4300000, 0x00000000eab00000)
  object space 68608K, 99% used [0x00000000c0000000,0x00000000c42f43a0,0x00000000c4300000)
 Metaspace       used 64809K, committed 65984K, reserved 1114112K
  class space    used 7020K, committed 7552K, reserved 1048576K
}

