# JRE version: OpenJDK Runtime Environment Temurin-17.0.13+11 (17.0.13+11) (build 17.0.13+11)
# Java VM: OpenJDK 64-Bit Server VM Temurin-17.0.13+11 (17.0.13+11, mixed mode, tiered, compressed oops, compressed class ptrs, parallel gc, windows-amd64)
GC Precious Log:
 CPUs: 8 total, 8 available
 Memory: 16299M
 Large Page Support: Disabled
 NUMA Support: Disabled
 Compressed Oops: Enabled (32-bit)
 Alignments: Space 512K, Generation 512K, Heap 2M
 Heap Min Capacity: 100M
 Heap Initial Capacity: 100M
 Heap Max Capacity: 1G
 Pre-touch: Disabled
 Parallel Workers: 8
Heap:
 PSYoungGen      total 8704K, used 3951K [0x00000000eab00000, 0x00000000eba00000, 0x0000000100000000)
  eden space 7680K, 48% used [0x00000000eab00000,0x00000000eae9bda0,0x00000000eb280000)
  from space 1024K, 25% used [0x00000000eb800000,0x00000000eb840000,0x00000000eb900000)
  to   space 512K, 0% used [0x00000000eb980000,0x00000000eb980000,0x00000000eba00000)
 ParOldGen       total 261120K, used 239034K [0x00000000c0000000, 0x00000000cff00000, 0x00000000eab00000)
  object space 261120K, 91% used [0x00000000c0000000,0x00000000ce96eac0,0x00000000cff00000)
 Metaspace       used 92235K, committed 93824K, reserved 1179648K
  class space    used 9013K, committed 9728K, reserved 1048576K
GC Heap History (20 events):
Event: 911.507 GC heap before
{Heap before GC invocations=3017 (full 47):
 PSYoungGen      total 8704K, used 8288K [0x00000000eab00000, 0x00000000ebb00000, 0x0000000100000000)
  eden space 7680K, 100% used [0x00000000eab00000,0x00000000eb280000,0x00000000eb280000)
  from space 1024K, 59% used [0x00000000eba00000,0x00000000eba98020,0x00000000ebb00000)
  to   space 1024K, 0% used [0x00000000eb900000,0x00000000eb900000,0x00000000eba00000)
 ParOldGen       total 261120K, used 235226K [0x00000000c0000000, 0x00000000cff00000, 0x00000000eab00000)
  object space 261120K, 90% used [0x00000000c0000000,0x00000000ce5b6908,0x00000000cff00000)
 Metaspace       used 92230K, committed 93824K, reserved 1179648K
  class space    used 9013K, committed 9728K, reserved 1048576K
}
Event: 911.509 GC heap after
{Heap after GC invocations=3017 (full 47):
 PSYoungGen      total 8704K, used 160K [0x00000000eab00000, 0x00000000eba80000, 0x0000000100000000)
  eden space 7680K, 0% used [0x00000000eab00000,0x00000000eab00000,0x00000000eb280000)
  from space 1024K, 15% used [0x00000000eb900000,0x00000000eb928000,0x00000000eba00000)
  to   space 512K, 0% used [0x00000000eba00000,0x00000000eba00000,0x00000000eba80000)
 ParOldGen       total 261120K, used 235673K [0x00000000c0000000, 0x00000000cff00000, 0x00000000eab00000)
  object space 261120K, 90% used [0x00000000c0000000,0x00000000ce626778,0x00000000cff00000)
 Metaspace       used 92230K, committed 93824K, reserved 1179648K
  class space    used 9013K, committed 9728K, reserved 1048576K
}
Event: 913.562 GC heap before
{Heap before GC invocations=3018 (full 47):
 PSYoungGen      total 8704K, used 7840K [0x00000000eab00000, 0x00000000eba80000, 0x0000000100000000)
  eden space 7680K, 100% used [0x00000000eab00000,0x00000000eb280000,0x00000000eb280000)
  from space 1024K, 15% used [0x00000000eb900000,0x00000000eb928000,0x00000000eba00000)
  to   space 512K, 0% used [0x00000000eba00000,0x00000000eba00000,0x00000000eba80000)
 ParOldGen       total 261120K, used 235673K [0x00000000c0000000, 0x00000000cff00000, 0x00000000eab00000)
  object space 261120K, 90% used [0x00000000c0000000,0x00000000ce626778,0x00000000cff00000)
 Metaspace       used 92230K, committed 93824K, reserved 1179648K
  class space    used 9013K, committed 9728K, reserved 1048576K
}
Event: 913.564 GC heap after
{Heap after GC invocations=3018 (full 47):
 PSYoungGen      total 8192K, used 506K [0x00000000eab00000, 0x00000000eba80000, 0x0000000100000000)
  eden space 7680K, 0% used [0x00000000eab00000,0x00000000eab00000,0x00000000eb280000)
  from space 512K, 98% used [0x00000000eba00000,0x00000000eba7e920,0x00000000eba80000)
  to   space 1024K, 0% used [0x00000000eb880000,0x00000000eb880000,0x00000000eb980000)
 ParOldGen       total 261120K, used 235822K [0x00000000c0000000, 0x00000000cff00000, 0x00000000eab00000)
  object space 261120K, 90% used [0x00000000c0000000,0x00000000ce64ba38,0x00000000cff00000)
 Metaspace       used 92230K, committed 93824K, reserved 1179648K
  class space    used 9013K, committed 9728K, reserved 1048576K
}
Event: 913.611 GC heap before
{Heap before GC invocations=3019 (full 47):
 PSYoungGen      total 8192K, used 8186K [0x00000000eab00000, 0x00000000eba80000, 0x0000000100000000)
  eden space 7680K, 100% used [0x00000000eab00000,0x00000000eb280000,0x00000000eb280000)
  from space 512K, 98% used [0x00000000eba00000,0x00000000eba7e920,0x00000000eba80000)
  to   space 1024K, 0% used [0x00000000eb880000,0x00000000eb880000,0x00000000eb980000)
 ParOldGen       total 261120K, used 235822K [0x00000000c0000000, 0x00000000cff00000, 0x00000000eab00000)
  object space 261120K, 90% used [0x00000000c0000000,0x00000000ce64ba38,0x00000000cff00000)
 Metaspace       used 92230K, committed 93824K, reserved 1179648K
  class space    used 9013K, committed 9728K, reserved 1048576K
}
Event: 913.612 GC heap after
{Heap after GC invocations=3019 (full 47):
 PSYoungGen      total 8704K, used 1008K [0x00000000eab00000, 0x00000000eba80000, 0x0000000100000000)
  eden space 7680K, 0% used [0x00000000eab00000,0x00000000eab00000,0x00000000eb280000)
  from space 1024K, 98% used [0x00000000eb880000,0x00000000eb97c010,0x00000000eb980000)
  to   space 1024K, 0% used [0x00000000eb980000,0x00000000eb980000,0x00000000eba80000)
 ParOldGen       total 261120K, used 236338K [0x00000000c0000000, 0x00000000cff00000, 0x00000000eab00000)
  object space 261120K, 90% used [0x00000000c0000000,0x00000000ce6cca20,0x00000000cff00000)
 Metaspace       used 92230K, committed 93824K, reserved 1179648K
  class space    used 9013K, committed 9728K, reserved 1048576K
}
Event: 913.963 GC heap before
{Heap before GC invocations=3020 (full 47):
 PSYoungGen      total 8704K, used 8688K [0x00000000eab00000, 0x00000000eba80000, 0x0000000100000000)
  eden space 7680K, 99% used [0x00000000eab00000,0x00000000eb27fff8,0x00000000eb280000)
  from space 1024K, 98% used [0x00000000eb880000,0x00000000eb97c010,0x00000000eb980000)
  to   space 1024K, 0% used [0x00000000eb980000,0x00000000eb980000,0x00000000eba80000)
 ParOldGen       total 261120K, used 236338K [0x00000000c0000000, 0x00000000cff00000, 0x00000000eab00000)
  object space 261120K, 90% used [0x00000000c0000000,0x00000000ce6cca20,0x00000000cff00000)
 Metaspace       used 92232K, committed 93824K, reserved 1179648K
  class space    used 9013K, committed 9728K, reserved 1048576K
}
Event: 913.966 GC heap after
{Heap after GC invocations=3020 (full 47):
 PSYoungGen      total 8192K, used 362K [0x00000000eab00000, 0x00000000eba00000, 0x0000000100000000)
  eden space 7680K, 0% used [0x00000000eab00000,0x00000000eab00000,0x00000000eb280000)
  from space 512K, 70% used [0x00000000eb980000,0x00000000eb9da910,0x00000000eba00000)
  to   space 1024K, 0% used [0x00000000eb800000,0x00000000eb800000,0x00000000eb900000)
 ParOldGen       total 261120K, used 237278K [0x00000000c0000000, 0x00000000cff00000, 0x00000000eab00000)
  object space 261120K, 90% used [0x00000000c0000000,0x00000000ce7b7a40,0x00000000cff00000)
 Metaspace       used 92232K, committed 93824K, reserved 1179648K
  class space    used 9013K, committed 9728K, reserved 1048576K
}
Event: 913.999 GC heap before
{Heap before GC invocations=3021 (full 47):
 PSYoungGen      total 8192K, used 8040K [0x00000000eab00000, 0x00000000eba00000, 0x0000000100000000)
  eden space 7680K, 99% used [0x00000000eab00000,0x00000000eb27f858,0x00000000eb280000)
  from space 512K, 70% used [0x00000000eb980000,0x00000000eb9da910,0x00000000eba00000)
  to   space 1024K, 0% used [0x00000000eb800000,0x00000000eb800000,0x00000000eb900000)
 ParOldGen       total 261120K, used 237278K [0x00000000c0000000, 0x00000000cff00000, 0x00000000eab00000)
  object space 261120K, 90% used [0x00000000c0000000,0x00000000ce7b7a40,0x00000000cff00000)
 Metaspace       used 92232K, committed 93824K, reserved 1179648K
  class space    used 9013K, committed 9728K, reserved 1048576K
}
Event: 914.001 GC heap after
{Heap after GC invocations=3021 (full 47):
 PSYoungGen      total 8704K, used 308K [0x00000000eab00000, 0x00000000eba00000, 0x0000000100000000)
  eden space 7680K, 0% used [0x00000000eab00000,0x00000000eab00000,0x00000000eb280000)
  from space 1024K, 30% used [0x00000000eb800000,0x00000000eb84d200,0x00000000eb900000)
  to   space 512K, 0% used [0x00000000eb980000,0x00000000eb980000,0x00000000eba00000)
 ParOldGen       total 261120K, used 237278K [0x00000000c0000000, 0x00000000cff00000, 0x00000000eab00000)
  object space 261120K, 90% used [0x00000000c0000000,0x00000000ce7b7a40,0x00000000cff00000)
 Metaspace       used 92232K, committed 93824K, reserved 1179648K
  class space    used 9013K, committed 9728K, reserved 1048576K
}
Event: 915.520 GC heap before
{Heap before GC invocations=3022 (full 47):
 PSYoungGen      total 8704K, used 7988K [0x00000000eab00000, 0x00000000eba00000, 0x0000000100000000)
  eden space 7680K, 100% used [0x00000000eab00000,0x00000000eb280000,0x00000000eb280000)
  from space 1024K, 30% used [0x00000000eb800000,0x00000000eb84d200,0x00000000eb900000)
  to   space 512K, 0% used [0x00000000eb980000,0x00000000eb980000,0x00000000eba00000)
 ParOldGen       total 261120K, used 237278K [0x00000000c0000000, 0x00000000cff00000, 0x00000000eab00000)
  object space 261120K, 90% used [0x00000000c0000000,0x00000000ce7b7a40,0x00000000cff00000)
 Metaspace       used 92232K, committed 93824K, reserved 1179648K
  class space    used 9013K, committed 9728K, reserved 1048576K
}
Event: 915.522 GC heap after
{Heap after GC invocations=3022 (full 47):
 PSYoungGen      total 8192K, used 160K [0x00000000eab00000, 0x00000000eba00000, 0x0000000100000000)
  eden space 7680K, 0% used [0x00000000eab00000,0x00000000eab00000,0x00000000eb280000)
  from space 512K, 31% used [0x00000000eb980000,0x00000000eb9a8000,0x00000000eba00000)
  to   space 512K, 0% used [0x00000000eb900000,0x00000000eb900000,0x00000000eb980000)
 ParOldGen       total 261120K, used 237334K [0x00000000c0000000, 0x00000000cff00000, 0x00000000eab00000)
  object space 261120K, 90% used [0x00000000c0000000,0x00000000ce7c5a40,0x00000000cff00000)
 Metaspace       used 92232K, committed 93824K, reserved 1179648K
  class space    used 9013K, committed 9728K, reserved 1048576K
}
Event: 915.558 GC heap before
{Heap before GC invocations=3023 (full 47):
 PSYoungGen      total 8192K, used 7840K [0x00000000eab00000, 0x00000000eba00000, 0x0000000100000000)
  eden space 7680K, 100% used [0x00000000eab00000,0x00000000eb280000,0x00000000eb280000)
  from space 512K, 31% used [0x00000000eb980000,0x00000000eb9a8000,0x00000000eba00000)
  to   space 512K, 0% used [0x00000000eb900000,0x00000000eb900000,0x00000000eb980000)
 ParOldGen       total 261120K, used 237334K [0x00000000c0000000, 0x00000000cff00000, 0x00000000eab00000)
  object space 261120K, 90% used [0x00000000c0000000,0x00000000ce7c5a40,0x00000000cff00000)
 Metaspace       used 92232K, committed 93824K, reserved 1179648K
  class space    used 9013K, committed 9728K, reserved 1048576K
}
Event: 915.560 GC heap after
{Heap after GC invocations=3023 (full 47):
 PSYoungGen      total 8192K, used 480K [0x00000000eab00000, 0x00000000eba00000, 0x0000000100000000)
  eden space 7680K, 0% used [0x00000000eab00000,0x00000000eab00000,0x00000000eb280000)
  from space 512K, 93% used [0x00000000eb900000,0x00000000eb978020,0x00000000eb980000)
  to   space 512K, 0% used [0x00000000eb980000,0x00000000eb980000,0x00000000eba00000)
 ParOldGen       total 261120K, used 238098K [0x00000000c0000000, 0x00000000cff00000, 0x00000000eab00000)
  object space 261120K, 91% used [0x00000000c0000000,0x00000000ce884aa8,0x00000000cff00000)
 Metaspace       used 92232K, committed 93824K, reserved 1179648K
  class space    used 9013K, committed 9728K, reserved 1048576K
}
Event: 915.635 GC heap before
{Heap before GC invocations=3024 (full 47):
 PSYoungGen      total 8192K, used 8160K [0x00000000eab00000, 0x00000000eba00000, 0x0000000100000000)
  eden space 7680K, 100% used [0x00000000eab00000,0x00000000eb280000,0x00000000eb280000)
  from space 512K, 93% used [0x00000000eb900000,0x00000000eb978020,0x00000000eb980000)
  to   space 512K, 0% used [0x00000000eb980000,0x00000000eb980000,0x00000000eba00000)
 ParOldGen       total 261120K, used 238098K [0x00000000c0000000, 0x00000000cff00000, 0x00000000eab00000)
  object space 261120K, 91% used [0x00000000c0000000,0x00000000ce884aa8,0x00000000cff00000)
 Metaspace       used 92232K, committed 93824K, reserved 1179648K
  class space    used 9013K, committed 9728K, reserved 1048576K
}
Event: 915.642 GC heap after
{Heap after GC invocations=3024 (full 47):
 PSYoungGen      total 8192K, used 480K [0x00000000eab00000, 0x00000000eba00000, 0x0000000100000000)
  eden space 7680K, 0% used [0x00000000eab00000,0x00000000eab00000,0x00000000eb280000)
  from space 512K, 93% used [0x00000000eb980000,0x00000000eb9f8020,0x00000000eba00000)
  to   space 1024K, 0% used [0x00000000eb800000,0x00000000eb800000,0x00000000eb900000)
 ParOldGen       total 261120K, used 238310K [0x00000000c0000000, 0x00000000cff00000, 0x00000000eab00000)
  object space 261120K, 91% used [0x00000000c0000000,0x00000000ce8b9ab8,0x00000000cff00000)
 Metaspace       used 92232K, committed 93824K, reserved 1179648K
  class space    used 9013K, committed 9728K, reserved 1048576K
}
Event: 915.749 GC heap before
{Heap before GC invocations=3025 (full 47):
 PSYoungGen      total 8192K, used 8160K [0x00000000eab00000, 0x00000000eba00000, 0x0000000100000000)
  eden space 7680K, 100% used [0x00000000eab00000,0x00000000eb280000,0x00000000eb280000)
  from space 512K, 93% used [0x00000000eb980000,0x00000000eb9f8020,0x00000000eba00000)
  to   space 1024K, 0% used [0x00000000eb800000,0x00000000eb800000,0x00000000eb900000)
 ParOldGen       total 261120K, used 238310K [0x00000000c0000000, 0x00000000cff00000, 0x00000000eab00000)
  object space 261120K, 91% used [0x00000000c0000000,0x00000000ce8b9ab8,0x00000000cff00000)
 Metaspace       used 92232K, committed 93824K, reserved 1179648K
  class space    used 9013K, committed 9728K, reserved 1048576K
}
Event: 915.751 GC heap after
{Heap after GC invocations=3025 (full 47):
 PSYoungGen      total 8704K, used 224K [0x00000000eab00000, 0x00000000eba00000, 0x0000000100000000)
  eden space 7680K, 0% used [0x00000000eab00000,0x00000000eab00000,0x00000000eb280000)
  from space 1024K, 21% used [0x00000000eb800000,0x00000000eb838000,0x00000000eb900000)
  to   space 512K, 0% used [0x00000000eb980000,0x00000000eb980000,0x00000000eba00000)
 ParOldGen       total 261120K, used 238814K [0x00000000c0000000, 0x00000000cff00000, 0x00000000eab00000)
  object space 261120K, 91% used [0x00000000c0000000,0x00000000ce9379f0,0x00000000cff00000)
 Metaspace       used 92232K, committed 93824K, reserved 1179648K
  class space    used 9013K, committed 9728K, reserved 1048576K
}
Event: 915.832 GC heap before
{Heap before GC invocations=3026 (full 47):
 PSYoungGen      total 8704K, used 7904K [0x00000000eab00000, 0x00000000eba00000, 0x0000000100000000)
  eden space 7680K, 100% used [0x00000000eab00000,0x00000000eb280000,0x00000000eb280000)
  from space 1024K, 21% used [0x00000000eb800000,0x00000000eb838000,0x00000000eb900000)
  to   space 512K, 0% used [0x00000000eb980000,0x00000000eb980000,0x00000000eba00000)
 ParOldGen       total 261120K, used 238814K [0x00000000c0000000, 0x00000000cff00000, 0x00000000eab00000)
  object space 261120K, 91% used [0x00000000c0000000,0x00000000ce9379f0,0x00000000cff00000)
 Metaspace       used 92235K, committed 93824K, reserved 1179648K
  class space    used 9013K, committed 9728K, reserved 1048576K
}
Event: 915.836 GC heap after
{Heap after GC invocations=3026 (full 47):
 PSYoungGen      total 8192K, used 480K [0x00000000eab00000, 0x00000000eba00000, 0x0000000100000000)
  eden space 7680K, 0% used [0x00000000eab00000,0x00000000eab00000,0x00000000eb280000)
  from space 512K, 93% used [0x00000000eb980000,0x00000000eb9f8040,0x00000000eba00000)
  to   space 1024K, 0% used [0x00000000eb800000,0x00000000eb800000,0x00000000eb900000)
 ParOldGen       total 261120K, used 238838K [0x00000000c0000000, 0x00000000cff00000, 0x00000000eab00000)
  object space 261120K, 91% used [0x00000000c0000000,0x00000000ce93d908,0x00000000cff00000)
 Metaspace       used 92235K, committed 93824K, reserved 1179648K
  class space    used 9013K, committed 9728K, reserved 1048576K
}

