# JRE version: OpenJDK Runtime Environment Temurin-17.0.13+11 (17.0.13+11) (build 17.0.13+11)
# Java VM: OpenJDK 64-Bit Server VM Temurin-17.0.13+11 (17.0.13+11, mixed mode, tiered, compressed oops, compressed class ptrs, parallel gc, windows-amd64)
GC Precious Log:
 CPUs: 8 total, 8 available
 Memory: 16299M
 Large Page Support: Disabled
 NUMA Support: Disabled
 Compressed Oops: Enabled (32-bit)
 Alignments: Space 512K, Generation 512K, Heap 2M
 Heap Min Capacity: 100M
 Heap Initial Capacity: 100M
 Heap Max Capacity: 1G
 Pre-touch: Disabled
 Parallel Workers: 8
Heap:
 PSYoungGen      total 21504K, used 17335K [0x00000000eab00000, 0x00000000ecc80000, 0x0000000100000000)
  eden space 8704K, 57% used [0x00000000eab00000,0x00000000eafeda40,0x00000000eb380000)
  from space 12800K, 96% used [0x00000000eb400000,0x00000000ec0004a8,0x00000000ec080000)
  to   space 12288K, 0% used [0x00000000ec080000,0x00000000ec080000,0x00000000ecc80000)
 ParOldGen       total 95232K, used 85897K [0x00000000c0000000, 0x00000000c5d00000, 0x00000000eab00000)
  object space 95232K, 90% used [0x00000000c0000000,0x00000000c53e2748,0x00000000c5d00000)
 Metaspace       used 80722K, committed 82112K, reserved 1179648K
  class space    used 8168K, committed 8768K, reserved 1048576K
GC Heap History (20 events):
Event: 47.552 GC heap before
{Heap before GC invocations=659 (full 16):
 PSYoungGen      total 16896K, used 16888K [0x00000000eab00000, 0x00000000ec800000, 0x0000000100000000)
  eden space 12800K, 100% used [0x00000000eab00000,0x00000000eb780000,0x00000000eb780000)
  from space 4096K, 99% used [0x00000000eb780000,0x00000000ebb7e008,0x00000000ebb80000)
  to   space 8192K, 0% used [0x00000000ec000000,0x00000000ec000000,0x00000000ec800000)
 ParOldGen       total 95232K, used 75668K [0x00000000c0000000, 0x00000000c5d00000, 0x00000000eab00000)
  object space 95232K, 79% used [0x00000000c0000000,0x00000000c49e5158,0x00000000c5d00000)
 Metaspace       used 80391K, committed 81792K, reserved 1179648K
  class space    used 8149K, committed 8768K, reserved 1048576K
}
Event: 47.561 GC heap after
{Heap after GC invocations=659 (full 16):
 PSYoungGen      total 20480K, used 8178K [0x00000000eab00000, 0x00000000eca00000, 0x0000000100000000)
  eden space 12288K, 0% used [0x00000000eab00000,0x00000000eab00000,0x00000000eb700000)
  from space 8192K, 99% used [0x00000000ec000000,0x00000000ec7fc980,0x00000000ec800000)
  to   space 9216K, 0% used [0x00000000eb700000,0x00000000eb700000,0x00000000ec000000)
 ParOldGen       total 95232K, used 76172K [0x00000000c0000000, 0x00000000c5d00000, 0x00000000eab00000)
  object space 95232K, 79% used [0x00000000c0000000,0x00000000c4a63158,0x00000000c5d00000)
 Metaspace       used 80391K, committed 81792K, reserved 1179648K
  class space    used 8149K, committed 8768K, reserved 1048576K
}
Event: 47.704 GC heap before
{Heap before GC invocations=660 (full 16):
 PSYoungGen      total 20480K, used 20466K [0x00000000eab00000, 0x00000000eca00000, 0x0000000100000000)
  eden space 12288K, 100% used [0x00000000eab00000,0x00000000eb700000,0x00000000eb700000)
  from space 8192K, 99% used [0x00000000ec000000,0x00000000ec7fc980,0x00000000ec800000)
  to   space 9216K, 0% used [0x00000000eb700000,0x00000000eb700000,0x00000000ec000000)
 ParOldGen       total 95232K, used 76172K [0x00000000c0000000, 0x00000000c5d00000, 0x00000000eab00000)
  object space 95232K, 79% used [0x00000000c0000000,0x00000000c4a63158,0x00000000c5d00000)
 Metaspace       used 80391K, committed 81792K, reserved 1179648K
  class space    used 8149K, committed 8768K, reserved 1048576K
}
Event: 47.710 GC heap after
{Heap after GC invocations=660 (full 16):
 PSYoungGen      total 21504K, used 9205K [0x00000000eab00000, 0x00000000ecf80000, 0x0000000100000000)
  eden space 12288K, 0% used [0x00000000eab00000,0x00000000eab00000,0x00000000eb700000)
  from space 9216K, 99% used [0x00000000eb700000,0x00000000ebffd780,0x00000000ec000000)
  to   space 12288K, 0% used [0x00000000ec380000,0x00000000ec380000,0x00000000ecf80000)
 ParOldGen       total 95232K, used 78510K [0x00000000c0000000, 0x00000000c5d00000, 0x00000000eab00000)
  object space 95232K, 82% used [0x00000000c0000000,0x00000000c4cabac0,0x00000000c5d00000)
 Metaspace       used 80391K, committed 81792K, reserved 1179648K
  class space    used 8149K, committed 8768K, reserved 1048576K
}
Event: 47.972 GC heap before
{Heap before GC invocations=661 (full 16):
 PSYoungGen      total 21504K, used 21493K [0x00000000eab00000, 0x00000000ecf80000, 0x0000000100000000)
  eden space 12288K, 100% used [0x00000000eab00000,0x00000000eb700000,0x00000000eb700000)
  from space 9216K, 99% used [0x00000000eb700000,0x00000000ebffd780,0x00000000ec000000)
  to   space 12288K, 0% used [0x00000000ec380000,0x00000000ec380000,0x00000000ecf80000)
 ParOldGen       total 95232K, used 78510K [0x00000000c0000000, 0x00000000c5d00000, 0x00000000eab00000)
  object space 95232K, 82% used [0x00000000c0000000,0x00000000c4cabac0,0x00000000c5d00000)
 Metaspace       used 80464K, committed 81920K, reserved 1179648K
  class space    used 8157K, committed 8768K, reserved 1048576K
}
Event: 47.986 GC heap after
{Heap after GC invocations=661 (full 16):
 PSYoungGen      total 21504K, used 12256K [0x00000000eab00000, 0x00000000ed680000, 0x0000000100000000)
  eden space 9216K, 0% used [0x00000000eab00000,0x00000000eab00000,0x00000000eb400000)
  from space 12288K, 99% used [0x00000000ec380000,0x00000000ecf78378,0x00000000ecf80000)
  to   space 15872K, 0% used [0x00000000eb400000,0x00000000eb400000,0x00000000ec380000)
 ParOldGen       total 95232K, used 80991K [0x00000000c0000000, 0x00000000c5d00000, 0x00000000eab00000)
  object space 95232K, 85% used [0x00000000c0000000,0x00000000c4f17c18,0x00000000c5d00000)
 Metaspace       used 80464K, committed 81920K, reserved 1179648K
  class space    used 8157K, committed 8768K, reserved 1048576K
}
Event: 55.019 GC heap before
{Heap before GC invocations=662 (full 16):
 PSYoungGen      total 21504K, used 21472K [0x00000000eab00000, 0x00000000ed680000, 0x0000000100000000)
  eden space 9216K, 100% used [0x00000000eab00000,0x00000000eb400000,0x00000000eb400000)
  from space 12288K, 99% used [0x00000000ec380000,0x00000000ecf78378,0x00000000ecf80000)
  to   space 15872K, 0% used [0x00000000eb400000,0x00000000eb400000,0x00000000ec380000)
 ParOldGen       total 95232K, used 80991K [0x00000000c0000000, 0x00000000c5d00000, 0x00000000eab00000)
  object space 95232K, 85% used [0x00000000c0000000,0x00000000c4f17c18,0x00000000c5d00000)
 Metaspace       used 80503K, committed 81920K, reserved 1179648K
  class space    used 8157K, committed 8768K, reserved 1048576K
}
Event: 55.027 GC heap after
{Heap after GC invocations=662 (full 16):
 PSYoungGen      total 23040K, used 13735K [0x00000000eab00000, 0x00000000ed080000, 0x0000000100000000)
  eden space 9216K, 0% used [0x00000000eab00000,0x00000000eab00000,0x00000000eb400000)
  from space 13824K, 99% used [0x00000000eb400000,0x00000000ec169d48,0x00000000ec180000)
  to   space 14336K, 0% used [0x00000000ec280000,0x00000000ec280000,0x00000000ed080000)
 ParOldGen       total 95232K, used 81431K [0x00000000c0000000, 0x00000000c5d00000, 0x00000000eab00000)
  object space 95232K, 85% used [0x00000000c0000000,0x00000000c4f85c18,0x00000000c5d00000)
 Metaspace       used 80503K, committed 81920K, reserved 1179648K
  class space    used 8157K, committed 8768K, reserved 1048576K
}
Event: 56.299 GC heap before
{Heap before GC invocations=663 (full 16):
 PSYoungGen      total 23040K, used 22951K [0x00000000eab00000, 0x00000000ed080000, 0x0000000100000000)
  eden space 9216K, 100% used [0x00000000eab00000,0x00000000eb400000,0x00000000eb400000)
  from space 13824K, 99% used [0x00000000eb400000,0x00000000ec169d48,0x00000000ec180000)
  to   space 14336K, 0% used [0x00000000ec280000,0x00000000ec280000,0x00000000ed080000)
 ParOldGen       total 95232K, used 81431K [0x00000000c0000000, 0x00000000c5d00000, 0x00000000eab00000)
  object space 95232K, 85% used [0x00000000c0000000,0x00000000c4f85c18,0x00000000c5d00000)
 Metaspace       used 80510K, committed 81920K, reserved 1179648K
  class space    used 8157K, committed 8768K, reserved 1048576K
}
Event: 56.305 GC heap after
{Heap after GC invocations=663 (full 16):
 PSYoungGen      total 23552K, used 14312K [0x00000000eab00000, 0x00000000ed100000, 0x0000000100000000)
  eden space 9216K, 0% used [0x00000000eab00000,0x00000000eab00000,0x00000000eb400000)
  from space 14336K, 99% used [0x00000000ec280000,0x00000000ed07a1e0,0x00000000ed080000)
  to   space 14848K, 0% used [0x00000000eb400000,0x00000000eb400000,0x00000000ec280000)
 ParOldGen       total 95232K, used 81639K [0x00000000c0000000, 0x00000000c5d00000, 0x00000000eab00000)
  object space 95232K, 85% used [0x00000000c0000000,0x00000000c4fb9c18,0x00000000c5d00000)
 Metaspace       used 80510K, committed 81920K, reserved 1179648K
  class space    used 8157K, committed 8768K, reserved 1048576K
}
Event: 57.673 GC heap before
{Heap before GC invocations=664 (full 16):
 PSYoungGen      total 23552K, used 23507K [0x00000000eab00000, 0x00000000ed100000, 0x0000000100000000)
  eden space 9216K, 99% used [0x00000000eab00000,0x00000000eb3fabf8,0x00000000eb400000)
  from space 14336K, 99% used [0x00000000ec280000,0x00000000ed07a1e0,0x00000000ed080000)
  to   space 14848K, 0% used [0x00000000eb400000,0x00000000eb400000,0x00000000ec280000)
 ParOldGen       total 95232K, used 81639K [0x00000000c0000000, 0x00000000c5d00000, 0x00000000eab00000)
  object space 95232K, 85% used [0x00000000c0000000,0x00000000c4fb9c18,0x00000000c5d00000)
 Metaspace       used 80525K, committed 81920K, reserved 1179648K
  class space    used 8157K, committed 8768K, reserved 1048576K
}
Event: 57.680 GC heap after
{Heap after GC invocations=664 (full 16):
 PSYoungGen      total 22016K, used 12452K [0x00000000eab00000, 0x00000000ece00000, 0x0000000100000000)
  eden space 9216K, 0% used [0x00000000eab00000,0x00000000eab00000,0x00000000eb400000)
  from space 12800K, 97% used [0x00000000eb400000,0x00000000ec029130,0x00000000ec080000)
  to   space 13312K, 0% used [0x00000000ec100000,0x00000000ec100000,0x00000000ece00000)
 ParOldGen       total 95232K, used 82241K [0x00000000c0000000, 0x00000000c5d00000, 0x00000000eab00000)
  object space 95232K, 86% used [0x00000000c0000000,0x00000000c5050428,0x00000000c5d00000)
 Metaspace       used 80525K, committed 81920K, reserved 1179648K
  class space    used 8157K, committed 8768K, reserved 1048576K
}
Event: 58.045 GC heap before
{Heap before GC invocations=665 (full 16):
 PSYoungGen      total 22016K, used 20442K [0x00000000eab00000, 0x00000000ece00000, 0x0000000100000000)
  eden space 9216K, 86% used [0x00000000eab00000,0x00000000eb2cd9f0,0x00000000eb400000)
  from space 12800K, 97% used [0x00000000eb400000,0x00000000ec029130,0x00000000ec080000)
  to   space 13312K, 0% used [0x00000000ec100000,0x00000000ec100000,0x00000000ece00000)
 ParOldGen       total 95232K, used 82241K [0x00000000c0000000, 0x00000000c5d00000, 0x00000000eab00000)
  object space 95232K, 86% used [0x00000000c0000000,0x00000000c5050428,0x00000000c5d00000)
 Metaspace       used 80546K, committed 81984K, reserved 1179648K
  class space    used 8158K, committed 8768K, reserved 1048576K
}
Event: 58.051 GC heap after
{Heap after GC invocations=665 (full 16):
 PSYoungGen      total 22016K, used 13177K [0x00000000eab00000, 0x00000000ecf00000, 0x0000000100000000)
  eden space 8704K, 0% used [0x00000000eab00000,0x00000000eab00000,0x00000000eb380000)
  from space 13312K, 98% used [0x00000000ec100000,0x00000000ecdde4c0,0x00000000ece00000)
  to   space 13824K, 0% used [0x00000000eb380000,0x00000000eb380000,0x00000000ec100000)
 ParOldGen       total 95232K, used 82249K [0x00000000c0000000, 0x00000000c5d00000, 0x00000000eab00000)
  object space 95232K, 86% used [0x00000000c0000000,0x00000000c5052428,0x00000000c5d00000)
 Metaspace       used 80546K, committed 81984K, reserved 1179648K
  class space    used 8158K, committed 8768K, reserved 1048576K
}
Event: 58.489 GC heap before
{Heap before GC invocations=666 (full 16):
 PSYoungGen      total 22016K, used 21881K [0x00000000eab00000, 0x00000000ecf00000, 0x0000000100000000)
  eden space 8704K, 100% used [0x00000000eab00000,0x00000000eb380000,0x00000000eb380000)
  from space 13312K, 98% used [0x00000000ec100000,0x00000000ecdde4c0,0x00000000ece00000)
  to   space 13824K, 0% used [0x00000000eb380000,0x00000000eb380000,0x00000000ec100000)
 ParOldGen       total 95232K, used 82249K [0x00000000c0000000, 0x00000000c5d00000, 0x00000000eab00000)
  object space 95232K, 86% used [0x00000000c0000000,0x00000000c5052428,0x00000000c5d00000)
 Metaspace       used 80590K, committed 82048K, reserved 1179648K
  class space    used 8158K, committed 8768K, reserved 1048576K
}
Event: 58.499 GC heap after
{Heap after GC invocations=666 (full 16):
 PSYoungGen      total 22528K, used 13809K [0x00000000eab00000, 0x00000000ecf80000, 0x0000000100000000)
  eden space 8704K, 0% used [0x00000000eab00000,0x00000000eab00000,0x00000000eb380000)
  from space 13824K, 99% used [0x00000000eb380000,0x00000000ec0fc4a0,0x00000000ec100000)
  to   space 14336K, 0% used [0x00000000ec180000,0x00000000ec180000,0x00000000ecf80000)
 ParOldGen       total 95232K, used 82493K [0x00000000c0000000, 0x00000000c5d00000, 0x00000000eab00000)
  object space 95232K, 86% used [0x00000000c0000000,0x00000000c508f6b8,0x00000000c5d00000)
 Metaspace       used 80590K, committed 82048K, reserved 1179648K
  class space    used 8158K, committed 8768K, reserved 1048576K
}
Event: 58.763 GC heap before
{Heap before GC invocations=667 (full 16):
 PSYoungGen      total 22528K, used 22476K [0x00000000eab00000, 0x00000000ecf80000, 0x0000000100000000)
  eden space 8704K, 99% used [0x00000000eab00000,0x00000000eb376b98,0x00000000eb380000)
  from space 13824K, 99% used [0x00000000eb380000,0x00000000ec0fc4a0,0x00000000ec100000)
  to   space 14336K, 0% used [0x00000000ec180000,0x00000000ec180000,0x00000000ecf80000)
 ParOldGen       total 95232K, used 82493K [0x00000000c0000000, 0x00000000c5d00000, 0x00000000eab00000)
  object space 95232K, 86% used [0x00000000c0000000,0x00000000c508f6b8,0x00000000c5d00000)
 Metaspace       used 80616K, committed 82048K, reserved 1179648K
  class space    used 8159K, committed 8768K, reserved 1048576K
}
Event: 58.770 GC heap after
{Heap after GC invocations=667 (full 16):
 PSYoungGen      total 20480K, used 11532K [0x00000000eab00000, 0x00000000ecd00000, 0x0000000100000000)
  eden space 8704K, 0% used [0x00000000eab00000,0x00000000eab00000,0x00000000eb380000)
  from space 11776K, 97% used [0x00000000ec180000,0x00000000eccc32a8,0x00000000ecd00000)
  to   space 12800K, 0% used [0x00000000eb400000,0x00000000eb400000,0x00000000ec080000)
 ParOldGen       total 95232K, used 85889K [0x00000000c0000000, 0x00000000c5d00000, 0x00000000eab00000)
  object space 95232K, 90% used [0x00000000c0000000,0x00000000c53e0748,0x00000000c5d00000)
 Metaspace       used 80616K, committed 82048K, reserved 1179648K
  class space    used 8159K, committed 8768K, reserved 1048576K
}
Event: 59.078 GC heap before
{Heap before GC invocations=668 (full 16):
 PSYoungGen      total 20480K, used 20236K [0x00000000eab00000, 0x00000000ecd00000, 0x0000000100000000)
  eden space 8704K, 100% used [0x00000000eab00000,0x00000000eb380000,0x00000000eb380000)
  from space 11776K, 97% used [0x00000000ec180000,0x00000000eccc32a8,0x00000000ecd00000)
  to   space 12800K, 0% used [0x00000000eb400000,0x00000000eb400000,0x00000000ec080000)
 ParOldGen       total 95232K, used 85889K [0x00000000c0000000, 0x00000000c5d00000, 0x00000000eab00000)
  object space 95232K, 90% used [0x00000000c0000000,0x00000000c53e0748,0x00000000c5d00000)
 Metaspace       used 80640K, committed 82048K, reserved 1179648K
  class space    used 8160K, committed 8768K, reserved 1048576K
}
Event: 59.085 GC heap after
{Heap after GC invocations=668 (full 16):
 PSYoungGen      total 21504K, used 12289K [0x00000000eab00000, 0x00000000ecc80000, 0x0000000100000000)
  eden space 8704K, 0% used [0x00000000eab00000,0x00000000eab00000,0x00000000eb380000)
  from space 12800K, 96% used [0x00000000eb400000,0x00000000ec0004a8,0x00000000ec080000)
  to   space 12288K, 0% used [0x00000000ec080000,0x00000000ec080000,0x00000000ecc80000)
 ParOldGen       total 95232K, used 85897K [0x00000000c0000000, 0x00000000c5d00000, 0x00000000eab00000)
  object space 95232K, 90% used [0x00000000c0000000,0x00000000c53e2748,0x00000000c5d00000)
 Metaspace       used 80640K, committed 82048K, reserved 1179648K
  class space    used 8160K, committed 8768K, reserved 1048576K
}

