# JRE version: Java(TM) SE Runtime Environment (23.0.1+11) (build 23.0.1+11-39)
# Java VM: Java HotSpot(TM) 64-Bit Server VM (23.0.1+11-39, mixed mode, sharing, tiered, compressed oops, compressed class ptrs, g1 gc, windows-amd64)
GC Precious Log:
 CardTable entry size: 512
 Card Set container configuration: InlinePtr #cards 4 size 8 Array Of Cards #cards 16 size 48 Howl #buckets 8 coarsen threshold 3686 Howl Bitmap #cards 512 size 80 coarsen threshold 460 Card regions per heap region 1 cards per card region 4096
 CPUs: 8 total, 8 available
 Memory: 16299M
 Large Page Support: Disabled
 NUMA Support: Disabled
 Compressed Oops: Enabled (Zero based)
 Heap Region Size: 2M
 Heap Min Capacity: 8M
 Heap Initial Capacity: 256M
 Heap Max Capacity: 4076M
 Pre-touch: Disabled
 Parallel Workers: 8
 Concurrent Workers: 2
 Concurrent Refinement Workers: 8
 Periodic GC: Disabled
Heap:
 garbage-first heap   total reserved 4173824K, committed 262144K, used 24318K [0x0000000701400000, 0x0000000800000000)
  region size 2048K, 5 young (10240K), 4 survivors (8192K)
 Metaspace       used 23946K, committed 24256K, reserved 1114112K
  class space    used 2867K, committed 3008K, reserved 1048576K
GC Heap History (10 events):
Event: 0.950 GC heap before
{Heap before GC invocations=0 (full 0):
 garbage-first heap   total reserved 4173824K, committed 262144K, used 22528K [0x0000000701400000, 0x0000000800000000)
  region size 2048K, 12 young (24576K), 0 survivors (0K)
 Metaspace       used 5932K, committed 6080K, reserved 1114112K
  class space    used 734K, committed 832K, reserved 1048576K
}
Event: 0.955 GC heap after
{Heap after GC invocations=1 (full 0):
 garbage-first heap   total reserved 4173824K, committed 262144K, used 3923K [0x0000000701400000, 0x0000000800000000)
  region size 2048K, 2 young (4096K), 2 survivors (4096K)
 Metaspace       used 5932K, committed 6080K, reserved 1114112K
  class space    used 734K, committed 832K, reserved 1048576K
}
Event: 1.518 GC heap before
{Heap before GC invocations=1 (full 0):
 garbage-first heap   total reserved 4173824K, committed 262144K, used 26451K [0x0000000701400000, 0x0000000800000000)
  region size 2048K, 13 young (26624K), 2 survivors (4096K)
 Metaspace       used 8778K, committed 8960K, reserved 1114112K
  class space    used 1075K, committed 1152K, reserved 1048576K
}
Event: 1.523 GC heap after
{Heap after GC invocations=2 (full 0):
 garbage-first heap   total reserved 4173824K, committed 262144K, used 4938K [0x0000000701400000, 0x0000000800000000)
  region size 2048K, 1 young (2048K), 1 survivors (2048K)
 Metaspace       used 8778K, committed 8960K, reserved 1114112K
  class space    used 1075K, committed 1152K, reserved 1048576K
}
Event: 3.145 GC heap before
{Heap before GC invocations=2 (full 0):
 garbage-first heap   total reserved 4173824K, committed 262144K, used 70474K [0x0000000701400000, 0x0000000800000000)
  region size 2048K, 33 young (67584K), 1 survivors (2048K)
 Metaspace       used 15993K, committed 16256K, reserved 1114112K
  class space    used 1955K, committed 2048K, reserved 1048576K
}
Event: 3.155 GC heap after
{Heap after GC invocations=3 (full 0):
 garbage-first heap   total reserved 4173824K, committed 262144K, used 13756K [0x0000000701400000, 0x0000000800000000)
  region size 2048K, 5 young (10240K), 5 survivors (10240K)
 Metaspace       used 15993K, committed 16256K, reserved 1114112K
  class space    used 1955K, committed 2048K, reserved 1048576K
}
Event: 4.216 GC heap before
{Heap before GC invocations=3 (full 0):
 garbage-first heap   total reserved 4173824K, committed 262144K, used 103868K [0x0000000701400000, 0x0000000800000000)
  region size 2048K, 33 young (67584K), 5 survivors (10240K)
 Metaspace       used 17541K, committed 17792K, reserved 1114112K
  class space    used 2095K, committed 2176K, reserved 1048576K
}
Event: 4.226 GC heap after
{Heap after GC invocations=4 (full 0):
 garbage-first heap   total reserved 4173824K, committed 262144K, used 15847K [0x0000000701400000, 0x0000000800000000)
  region size 2048K, 2 young (4096K), 2 survivors (4096K)
 Metaspace       used 17541K, committed 17792K, reserved 1114112K
  class space    used 2095K, committed 2176K, reserved 1048576K
}
Event: 4.801 GC heap before
{Heap before GC invocations=4 (full 0):
 garbage-first heap   total reserved 4173824K, committed 262144K, used 46567K [0x0000000701400000, 0x0000000800000000)
  region size 2048K, 16 young (32768K), 2 survivors (4096K)
 Metaspace       used 21212K, committed 21504K, reserved 1114112K
  class space    used 2565K, committed 2688K, reserved 1048576K
}
Event: 4.807 GC heap after
{Heap after GC invocations=5 (full 0):
 garbage-first heap   total reserved 4173824K, committed 262144K, used 24318K [0x0000000701400000, 0x0000000800000000)
  region size 2048K, 4 young (8192K), 4 survivors (8192K)
 Metaspace       used 21212K, committed 21504K, reserved 1114112K
  class space    used 2565K, committed 2688K, reserved 1048576K
}

