# JRE version: OpenJDK Runtime Environment Temurin-17.0.13+11 (17.0.13+11) (build 17.0.13+11)
# Java VM: OpenJDK 64-Bit Server VM Temurin-17.0.13+11 (17.0.13+11, mixed mode, tiered, compressed oops, compressed class ptrs, parallel gc, windows-amd64)
GC Precious Log:
 CPUs: 8 total, 8 available
 Memory: 16299M
 Large Page Support: Disabled
 NUMA Support: Disabled
 Compressed Oops: Enabled (32-bit)
 Alignments: Space 512K, Generation 512K, Heap 2M
 Heap Min Capacity: 100M
 Heap Initial Capacity: 100M
 Heap Max Capacity: 1G
 Pre-touch: Disabled
 Parallel Workers: 8
Heap:
 PSYoungGen      total 4608K, used 4527K [0x00000000eab00000, 0x00000000eb180000, 0x0000000100000000)
  eden space 3584K, 97% used [0x00000000eab00000,0x00000000eae6bef0,0x00000000eae80000)
  from space 1024K, 100% used [0x00000000eae80000,0x00000000eaf80000,0x00000000eaf80000)
  to   space 1024K, 0% used [0x00000000eb080000,0x00000000eb080000,0x00000000eb180000)
 ParOldGen       total 172032K, used 159266K [0x00000000c0000000, 0x00000000ca800000, 0x00000000eab00000)
  object space 172032K, 92% used [0x00000000c0000000,0x00000000c9b88920,0x00000000ca800000)
 Metaspace       used 90675K, committed 92224K, reserved 1179648K
  class space    used 9161K, committed 9856K, reserved 1048576K
GC Heap History (20 events):
Event: 1035.646 GC heap before
{Heap before GC invocations=560 (full 20):
 PSYoungGen      total 3072K, used 3068K [0x00000000eab00000, 0x00000000ebc00000, 0x0000000100000000)
  eden space 1024K, 100% used [0x00000000eab00000,0x00000000eac00000,0x00000000eac00000)
  from space 2048K, 99% used [0x00000000eb200000,0x00000000eb3ff250,0x00000000eb400000)
  to   space 6144K, 0% used [0x00000000eac00000,0x00000000eac00000,0x00000000eb200000)
 ParOldGen       total 172032K, used 119565K [0x00000000c0000000, 0x00000000ca800000, 0x00000000eab00000)
  object space 172032K, 69% used [0x00000000c0000000,0x00000000c74c3700,0x00000000ca800000)
 Metaspace       used 90662K, committed 92224K, reserved 1179648K
  class space    used 9161K, committed 9856K, reserved 1048576K
}
Event: 1035.648 GC heap after
{Heap after GC invocations=560 (full 20):
 PSYoungGen      total 2048K, used 777K [0x00000000eab00000, 0x00000000eb280000, 0x0000000100000000)
  eden space 1024K, 0% used [0x00000000eab00000,0x00000000eab00000,0x00000000eac00000)
  from space 1024K, 75% used [0x00000000eac00000,0x00000000eacc26e0,0x00000000ead00000)
  to   space 2560K, 0% used [0x00000000eb000000,0x00000000eb000000,0x00000000eb280000)
 ParOldGen       total 172032K, used 121626K [0x00000000c0000000, 0x00000000ca800000, 0x00000000eab00000)
  object space 172032K, 70% used [0x00000000c0000000,0x00000000c76c69d8,0x00000000ca800000)
 Metaspace       used 90662K, committed 92224K, reserved 1179648K
  class space    used 9161K, committed 9856K, reserved 1048576K
}
Event: 1035.655 GC heap before
{Heap before GC invocations=561 (full 20):
 PSYoungGen      total 2048K, used 1801K [0x00000000eab00000, 0x00000000eb280000, 0x0000000100000000)
  eden space 1024K, 100% used [0x00000000eab00000,0x00000000eac00000,0x00000000eac00000)
  from space 1024K, 75% used [0x00000000eac00000,0x00000000eacc26e0,0x00000000ead00000)
  to   space 2560K, 0% used [0x00000000eb000000,0x00000000eb000000,0x00000000eb280000)
 ParOldGen       total 172032K, used 121626K [0x00000000c0000000, 0x00000000ca800000, 0x00000000eab00000)
  object space 172032K, 70% used [0x00000000c0000000,0x00000000c76c69d8,0x00000000ca800000)
 Metaspace       used 90662K, committed 92224K, reserved 1179648K
  class space    used 9161K, committed 9856K, reserved 1048576K
}
Event: 1035.658 GC heap after
{Heap after GC invocations=561 (full 20):
 PSYoungGen      total 1536K, used 352K [0x00000000eab00000, 0x00000000eb080000, 0x0000000100000000)
  eden space 1024K, 0% used [0x00000000eab00000,0x00000000eab00000,0x00000000eac00000)
  from space 512K, 68% used [0x00000000eb000000,0x00000000eb058000,0x00000000eb080000)
  to   space 1024K, 0% used [0x00000000eae80000,0x00000000eae80000,0x00000000eaf80000)
 ParOldGen       total 172032K, used 122222K [0x00000000c0000000, 0x00000000ca800000, 0x00000000eab00000)
  object space 172032K, 71% used [0x00000000c0000000,0x00000000c775bb90,0x00000000ca800000)
 Metaspace       used 90662K, committed 92224K, reserved 1179648K
  class space    used 9161K, committed 9856K, reserved 1048576K
}
Event: 1035.662 GC heap before
{Heap before GC invocations=562 (full 20):
 PSYoungGen      total 1536K, used 1350K [0x00000000eab00000, 0x00000000eb080000, 0x0000000100000000)
  eden space 1024K, 97% used [0x00000000eab00000,0x00000000eabf9bb0,0x00000000eac00000)
  from space 512K, 68% used [0x00000000eb000000,0x00000000eb058000,0x00000000eb080000)
  to   space 1024K, 0% used [0x00000000eae80000,0x00000000eae80000,0x00000000eaf80000)
 ParOldGen       total 172032K, used 122254K [0x00000000c0000000, 0x00000000ca800000, 0x00000000eab00000)
  object space 172032K, 71% used [0x00000000c0000000,0x00000000c7763ba0,0x00000000ca800000)
 Metaspace       used 90662K, committed 92224K, reserved 1179648K
  class space    used 9161K, committed 9856K, reserved 1048576K
}
Event: 1035.663 GC heap after
{Heap after GC invocations=562 (full 20):
 PSYoungGen      total 2048K, used 484K [0x00000000eab00000, 0x00000000eb080000, 0x0000000100000000)
  eden space 1024K, 0% used [0x00000000eab00000,0x00000000eab00000,0x00000000eac00000)
  from space 1024K, 47% used [0x00000000eae80000,0x00000000eaef92d0,0x00000000eaf80000)
  to   space 1024K, 0% used [0x00000000eaf80000,0x00000000eaf80000,0x00000000eb080000)
 ParOldGen       total 172032K, used 122430K [0x00000000c0000000, 0x00000000ca800000, 0x00000000eab00000)
  object space 172032K, 71% used [0x00000000c0000000,0x00000000c778fba0,0x00000000ca800000)
 Metaspace       used 90662K, committed 92224K, reserved 1179648K
  class space    used 9161K, committed 9856K, reserved 1048576K
}
Event: 1035.666 GC heap before
{Heap before GC invocations=563 (full 20):
 PSYoungGen      total 2048K, used 1508K [0x00000000eab00000, 0x00000000eb080000, 0x0000000100000000)
  eden space 1024K, 99% used [0x00000000eab00000,0x00000000eabffff0,0x00000000eac00000)
  from space 1024K, 47% used [0x00000000eae80000,0x00000000eaef92d0,0x00000000eaf80000)
  to   space 1024K, 0% used [0x00000000eaf80000,0x00000000eaf80000,0x00000000eb080000)
 ParOldGen       total 172032K, used 122433K [0x00000000c0000000, 0x00000000ca800000, 0x00000000eab00000)
  object space 172032K, 71% used [0x00000000c0000000,0x00000000c77907b8,0x00000000ca800000)
 Metaspace       used 90662K, committed 92224K, reserved 1179648K
  class space    used 9161K, committed 9856K, reserved 1048576K
}
Event: 1035.668 GC heap after
{Heap after GC invocations=563 (full 20):
 PSYoungGen      total 2048K, used 282K [0x00000000eab00000, 0x00000000eb000000, 0x0000000100000000)
  eden space 1536K, 0% used [0x00000000eab00000,0x00000000eab00000,0x00000000eac80000)
  from space 512K, 55% used [0x00000000eaf80000,0x00000000eafc6900,0x00000000eb000000)
  to   space 512K, 0% used [0x00000000eaf00000,0x00000000eaf00000,0x00000000eaf80000)
 ParOldGen       total 172032K, used 122689K [0x00000000c0000000, 0x00000000ca800000, 0x00000000eab00000)
  object space 172032K, 71% used [0x00000000c0000000,0x00000000c77d0700,0x00000000ca800000)
 Metaspace       used 90662K, committed 92224K, reserved 1179648K
  class space    used 9161K, committed 9856K, reserved 1048576K
}
Event: 1035.673 GC heap before
{Heap before GC invocations=564 (full 20):
 PSYoungGen      total 2048K, used 1818K [0x00000000eab00000, 0x00000000eb000000, 0x0000000100000000)
  eden space 1536K, 100% used [0x00000000eab00000,0x00000000eac80000,0x00000000eac80000)
  from space 512K, 55% used [0x00000000eaf80000,0x00000000eafc6900,0x00000000eb000000)
  to   space 512K, 0% used [0x00000000eaf00000,0x00000000eaf00000,0x00000000eaf80000)
 ParOldGen       total 172032K, used 122689K [0x00000000c0000000, 0x00000000ca800000, 0x00000000eab00000)
  object space 172032K, 71% used [0x00000000c0000000,0x00000000c77d0700,0x00000000ca800000)
 Metaspace       used 90662K, committed 92224K, reserved 1179648K
  class space    used 9161K, committed 9856K, reserved 1048576K
}
Event: 1035.675 GC heap after
{Heap after GC invocations=564 (full 20):
 PSYoungGen      total 2560K, used 448K [0x00000000eab00000, 0x00000000eb000000, 0x0000000100000000)
  eden space 2048K, 0% used [0x00000000eab00000,0x00000000eab00000,0x00000000ead00000)
  from space 512K, 87% used [0x00000000eaf00000,0x00000000eaf70000,0x00000000eaf80000)
  to   space 512K, 0% used [0x00000000eaf80000,0x00000000eaf80000,0x00000000eb000000)
 ParOldGen       total 172032K, used 122830K [0x00000000c0000000, 0x00000000ca800000, 0x00000000eab00000)
  object space 172032K, 71% used [0x00000000c0000000,0x00000000c77f3900,0x00000000ca800000)
 Metaspace       used 90662K, committed 92224K, reserved 1179648K
  class space    used 9161K, committed 9856K, reserved 1048576K
}
Event: 1035.681 GC heap before
{Heap before GC invocations=565 (full 20):
 PSYoungGen      total 2560K, used 2496K [0x00000000eab00000, 0x00000000eb000000, 0x0000000100000000)
  eden space 2048K, 100% used [0x00000000eab00000,0x00000000ead00000,0x00000000ead00000)
  from space 512K, 87% used [0x00000000eaf00000,0x00000000eaf70000,0x00000000eaf80000)
  to   space 512K, 0% used [0x00000000eaf80000,0x00000000eaf80000,0x00000000eb000000)
 ParOldGen       total 172032K, used 122830K [0x00000000c0000000, 0x00000000ca800000, 0x00000000eab00000)
  object space 172032K, 71% used [0x00000000c0000000,0x00000000c77f3900,0x00000000ca800000)
 Metaspace       used 90662K, committed 92224K, reserved 1179648K
  class space    used 9161K, committed 9856K, reserved 1048576K
}
Event: 1035.683 GC heap after
{Heap after GC invocations=565 (full 20):
 PSYoungGen      total 3072K, used 352K [0x00000000eab00000, 0x00000000eb000000, 0x0000000100000000)
  eden space 2560K, 0% used [0x00000000eab00000,0x00000000eab00000,0x00000000ead80000)
  from space 512K, 68% used [0x00000000eaf80000,0x00000000eafd8000,0x00000000eb000000)
  to   space 512K, 0% used [0x00000000eaf00000,0x00000000eaf00000,0x00000000eaf80000)
 ParOldGen       total 172032K, used 123158K [0x00000000c0000000, 0x00000000ca800000, 0x00000000eab00000)
  object space 172032K, 71% used [0x00000000c0000000,0x00000000c7845920,0x00000000ca800000)
 Metaspace       used 90662K, committed 92224K, reserved 1179648K
  class space    used 9161K, committed 9856K, reserved 1048576K
}
Event: 1035.693 GC heap before
{Heap before GC invocations=566 (full 20):
 PSYoungGen      total 3072K, used 2912K [0x00000000eab00000, 0x00000000eb000000, 0x0000000100000000)
  eden space 2560K, 100% used [0x00000000eab00000,0x00000000ead80000,0x00000000ead80000)
  from space 512K, 68% used [0x00000000eaf80000,0x00000000eafd8000,0x00000000eb000000)
  to   space 512K, 0% used [0x00000000eaf00000,0x00000000eaf00000,0x00000000eaf80000)
 ParOldGen       total 172032K, used 123158K [0x00000000c0000000, 0x00000000ca800000, 0x00000000eab00000)
  object space 172032K, 71% used [0x00000000c0000000,0x00000000c7845920,0x00000000ca800000)
 Metaspace       used 90662K, committed 92224K, reserved 1179648K
  class space    used 9161K, committed 9856K, reserved 1048576K
}
Event: 1035.696 GC heap after
{Heap after GC invocations=566 (full 20):
 PSYoungGen      total 3584K, used 352K [0x00000000eab00000, 0x00000000eb000000, 0x0000000100000000)
  eden space 3072K, 0% used [0x00000000eab00000,0x00000000eab00000,0x00000000eae00000)
  from space 512K, 68% used [0x00000000eaf00000,0x00000000eaf58000,0x00000000eaf80000)
  to   space 512K, 0% used [0x00000000eaf80000,0x00000000eaf80000,0x00000000eb000000)
 ParOldGen       total 172032K, used 123406K [0x00000000c0000000, 0x00000000ca800000, 0x00000000eab00000)
  object space 172032K, 71% used [0x00000000c0000000,0x00000000c7883920,0x00000000ca800000)
 Metaspace       used 90662K, committed 92224K, reserved 1179648K
  class space    used 9161K, committed 9856K, reserved 1048576K
}
Event: 1035.705 GC heap before
{Heap before GC invocations=567 (full 20):
 PSYoungGen      total 3584K, used 3424K [0x00000000eab00000, 0x00000000eb000000, 0x0000000100000000)
  eden space 3072K, 100% used [0x00000000eab00000,0x00000000eae00000,0x00000000eae00000)
  from space 512K, 68% used [0x00000000eaf00000,0x00000000eaf58000,0x00000000eaf80000)
  to   space 512K, 0% used [0x00000000eaf80000,0x00000000eaf80000,0x00000000eb000000)
 ParOldGen       total 172032K, used 123406K [0x00000000c0000000, 0x00000000ca800000, 0x00000000eab00000)
  object space 172032K, 71% used [0x00000000c0000000,0x00000000c7883920,0x00000000ca800000)
 Metaspace       used 90662K, committed 92224K, reserved 1179648K
  class space    used 9161K, committed 9856K, reserved 1048576K
}
Event: 1035.708 GC heap after
{Heap after GC invocations=567 (full 20):
 PSYoungGen      total 4096K, used 480K [0x00000000eab00000, 0x00000000eb100000, 0x0000000100000000)
  eden space 3584K, 0% used [0x00000000eab00000,0x00000000eab00000,0x00000000eae80000)
  from space 512K, 93% used [0x00000000eaf80000,0x00000000eaff8020,0x00000000eb000000)
  to   space 1024K, 0% used [0x00000000eae80000,0x00000000eae80000,0x00000000eaf80000)
 ParOldGen       total 172032K, used 123662K [0x00000000c0000000, 0x00000000ca800000, 0x00000000eab00000)
  object space 172032K, 71% used [0x00000000c0000000,0x00000000c78c3920,0x00000000ca800000)
 Metaspace       used 90662K, committed 92224K, reserved 1179648K
  class space    used 9161K, committed 9856K, reserved 1048576K
}
Event: 1035.733 GC heap before
{Heap before GC invocations=568 (full 20):
 PSYoungGen      total 4096K, used 4064K [0x00000000eab00000, 0x00000000eb100000, 0x0000000100000000)
  eden space 3584K, 100% used [0x00000000eab00000,0x00000000eae80000,0x00000000eae80000)
  from space 512K, 93% used [0x00000000eaf80000,0x00000000eaff8020,0x00000000eb000000)
  to   space 1024K, 0% used [0x00000000eae80000,0x00000000eae80000,0x00000000eaf80000)
 ParOldGen       total 172032K, used 123662K [0x00000000c0000000, 0x00000000ca800000, 0x00000000eab00000)
  object space 172032K, 71% used [0x00000000c0000000,0x00000000c78c3920,0x00000000ca800000)
 Metaspace       used 90663K, committed 92224K, reserved 1179648K
  class space    used 9161K, committed 9856K, reserved 1048576K
}
Event: 1035.737 GC heap after
{Heap after GC invocations=568 (full 20):
 PSYoungGen      total 4608K, used 832K [0x00000000eab00000, 0x00000000eb180000, 0x0000000100000000)
  eden space 3584K, 0% used [0x00000000eab00000,0x00000000eab00000,0x00000000eae80000)
  from space 1024K, 81% used [0x00000000eae80000,0x00000000eaf50000,0x00000000eaf80000)
  to   space 1024K, 0% used [0x00000000eb080000,0x00000000eb080000,0x00000000eb180000)
 ParOldGen       total 172032K, used 124054K [0x00000000c0000000, 0x00000000ca800000, 0x00000000eab00000)
  object space 172032K, 72% used [0x00000000c0000000,0x00000000c7925940,0x00000000ca800000)
 Metaspace       used 90663K, committed 92224K, reserved 1179648K
  class space    used 9161K, committed 9856K, reserved 1048576K
}
Event: 1035.883 GC heap before
{Heap before GC invocations=569 (full 20):
 PSYoungGen      total 4608K, used 4415K [0x00000000eab00000, 0x00000000eb180000, 0x0000000100000000)
  eden space 3584K, 99% used [0x00000000eab00000,0x00000000eae7ffc8,0x00000000eae80000)
  from space 1024K, 81% used [0x00000000eae80000,0x00000000eaf50000,0x00000000eaf80000)
  to   space 1024K, 0% used [0x00000000eb080000,0x00000000eb080000,0x00000000eb180000)
 ParOldGen       total 172032K, used 154774K [0x00000000c0000000, 0x00000000ca800000, 0x00000000eab00000)
  object space 172032K, 89% used [0x00000000c0000000,0x00000000c9725970,0x00000000ca800000)
 Metaspace       used 90673K, committed 92224K, reserved 1179648K
  class space    used 9161K, committed 9856K, reserved 1048576K
}
Event: 1035.888 GC heap after
{Heap after GC invocations=569 (full 20):
 PSYoungGen      total 4608K, used 1010K [0x00000000eab00000, 0x00000000eb180000, 0x0000000100000000)
  eden space 3584K, 0% used [0x00000000eab00000,0x00000000eab00000,0x00000000eae80000)
  from space 1024K, 98% used [0x00000000eb080000,0x00000000eb17ca70,0x00000000eb180000)
  to   space 1024K, 0% used [0x00000000eae80000,0x00000000eae80000,0x00000000eaf80000)
 ParOldGen       total 172032K, used 156555K [0x00000000c0000000, 0x00000000ca800000, 0x00000000eab00000)
  object space 172032K, 91% used [0x00000000c0000000,0x00000000c98e2ea0,0x00000000ca800000)
 Metaspace       used 90673K, committed 92224K, reserved 1179648K
  class space    used 9161K, committed 9856K, reserved 1048576K
}

